  test.cpp
c:\users\23jae\desktop\최종_웹브라우저\최종_웹브라우저\백업_0223.0915\백업_후반\win32project1_백업\win32project1\win32project1\win32project1\parser.h(11): warning C4129: '(': 문자 이스케이프 시퀀스를 인식할 수 없습니다.
c:\users\23jae\desktop\최종_웹브라우저\최종_웹브라우저\백업_0223.0915\백업_후반\win32project1_백업\win32project1\win32project1\win32project1\parser.h(31): warning C4129: '(': 문자 이스케이프 시퀀스를 인식할 수 없습니다.
c:\users\23jae\desktop\최종_웹브라우저\최종_웹브라우저\백업_0223.0915\백업_후반\win32project1_백업\win32project1\win32project1\win32project1\parser.h(57): warning C4129: '(': 문자 이스케이프 시퀀스를 인식할 수 없습니다.
c:\users\23jae\desktop\최종_웹브라우저\최종_웹브라우저\백업_0223.0915\백업_후반\win32project1_백업\win32project1\win32project1\win32project1\parser.h(59): warning C4129: '(': 문자 이스케이프 시퀀스를 인식할 수 없습니다.
c:\users\23jae\desktop\최종_웹브라우저\최종_웹브라우저\백업_0223.0915\백업_후반\win32project1_백업\win32project1\win32project1\win32project1\parser.h(61): warning C4129: '(': 문자 이스케이프 시퀀스를 인식할 수 없습니다.
c:\users\23jae\desktop\최종_웹브라우저\최종_웹브라우저\백업_0223.0915\백업_후반\win32project1_백업\win32project1\win32project1\win32project1\parser.h(93): warning C4018: '<': signed 또는 unsigned가 일치하지 않습니다.
c:\users\23jae\desktop\최종_웹브라우저\최종_웹브라우저\백업_0223.0915\백업_후반\win32project1_백업\win32project1\win32project1\win32project1\parser.h(99): warning C4018: '<': signed 또는 unsigned가 일치하지 않습니다.
c:\users\23jae\desktop\최종_웹브라우저\최종_웹브라우저\백업_0223.0915\백업_후반\win32project1_백업\win32project1\win32project1\win32project1\parser.h(102): warning C4244: '=': 'wchar_t'에서 'char'(으)로 변환하면서 데이터가 손실될 수 있습니다.
c:\users\23jae\desktop\최종_웹브라우저\최종_웹브라우저\백업_0223.0915\백업_후반\win32project1_백업\win32project1\win32project1\win32project1\parser.h(210): warning C4129: '(': 문자 이스케이프 시퀀스를 인식할 수 없습니다.
c:\users\23jae\desktop\최종_웹브라우저\최종_웹브라우저\백업_0223.0915\백업_후반\win32project1_백업\win32project1\win32project1\win32project1\parser.h(213): warning C4129: '(': 문자 이스케이프 시퀀스를 인식할 수 없습니다.
c:\users\23jae\desktop\최종_웹브라우저\최종_웹브라우저\백업_0223.0915\백업_후반\win32project1_백업\win32project1\win32project1\win32project1\parser.h(358): warning C4129: '(': 문자 이스케이프 시퀀스를 인식할 수 없습니다.
c:\users\23jae\desktop\최종_웹브라우저\최종_웹브라우저\백업_0223.0915\백업_후반\win32project1_백업\win32project1\win32project1\win32project1\parser.h(360): warning C4129: '-': 문자 이스케이프 시퀀스를 인식할 수 없습니다.
c:\users\23jae\desktop\최종_웹브라우저\최종_웹브라우저\백업_0223.0915\백업_후반\win32project1_백업\win32project1\win32project1\win32project1\parser.h(360): warning C4129: '_': 문자 이스케이프 시퀀스를 인식할 수 없습니다.
c:\users\23jae\desktop\최종_웹브라우저\최종_웹브라우저\백업_0223.0915\백업_후반\win32project1_백업\win32project1\win32project1\win32project1\parser.h(360): warning C4129: '~': 문자 이스케이프 시퀀스를 인식할 수 없습니다.
c:\users\23jae\desktop\최종_웹브라우저\최종_웹브라우저\백업_0223.0915\백업_후반\win32project1_백업\win32project1\win32project1\win32project1\parser.h(360): warning C4129: '`': 문자 이스케이프 시퀀스를 인식할 수 없습니다.
c:\users\23jae\desktop\최종_웹브라우저\최종_웹브라우저\백업_0223.0915\백업_후반\win32project1_백업\win32project1\win32project1\win32project1\parser.h(360): warning C4129: '!': 문자 이스케이프 시퀀스를 인식할 수 없습니다.
c:\users\23jae\desktop\최종_웹브라우저\최종_웹브라우저\백업_0223.0915\백업_후반\win32project1_백업\win32project1\win32project1\win32project1\parser.h(360): warning C4129: '@': 문자 이스케이프 시퀀스를 인식할 수 없습니다.
c:\users\23jae\desktop\최종_웹브라우저\최종_웹브라우저\백업_0223.0915\백업_후반\win32project1_백업\win32project1\win32project1\win32project1\parser.h(360): warning C4129: '#': 문자 이스케이프 시퀀스를 인식할 수 없습니다.
c:\users\23jae\desktop\최종_웹브라우저\최종_웹브라우저\백업_0223.0915\백업_후반\win32project1_백업\win32project1\win32project1\win32project1\parser.h(360): warning C4129: '$': 문자 이스케이프 시퀀스를 인식할 수 없습니다.
c:\users\23jae\desktop\최종_웹브라우저\최종_웹브라우저\백업_0223.0915\백업_후반\win32project1_백업\win32project1\win32project1\win32project1\parser.h(360): warning C4129: '%': 문자 이스케이프 시퀀스를 인식할 수 없습니다.
c:\users\23jae\desktop\최종_웹브라우저\최종_웹브라우저\백업_0223.0915\백업_후반\win32project1_백업\win32project1\win32project1\win32project1\parser.h(360): warning C4129: '^': 문자 이스케이프 시퀀스를 인식할 수 없습니다.
c:\users\23jae\desktop\최종_웹브라우저\최종_웹브라우저\백업_0223.0915\백업_후반\win32project1_백업\win32project1\win32project1\win32project1\parser.h(360): warning C4129: '&': 문자 이스케이프 시퀀스를 인식할 수 없습니다.
c:\users\23jae\desktop\최종_웹브라우저\최종_웹브라우저\백업_0223.0915\백업_후반\win32project1_백업\win32project1\win32project1\win32project1\parser.h(360): warning C4129: '*': 문자 이스케이프 시퀀스를 인식할 수 없습니다.
c:\users\23jae\desktop\최종_웹브라우저\최종_웹브라우저\백업_0223.0915\백업_후반\win32project1_백업\win32project1\win32project1\win32project1\parser.h(360): warning C4129: '(': 문자 이스케이프 시퀀스를 인식할 수 없습니다.
c:\users\23jae\desktop\최종_웹브라우저\최종_웹브라우저\백업_0223.0915\백업_후반\win32project1_백업\win32project1\win32project1\win32project1\parser.h(360): warning C4129: ')': 문자 이스케이프 시퀀스를 인식할 수 없습니다.
c:\users\23jae\desktop\최종_웹브라우저\최종_웹브라우저\백업_0223.0915\백업_후반\win32project1_백업\win32project1\win32project1\win32project1\parser.h(360): warning C4129: '{': 문자 이스케이프 시퀀스를 인식할 수 없습니다.
c:\users\23jae\desktop\최종_웹브라우저\최종_웹브라우저\백업_0223.0915\백업_후반\win32project1_백업\win32project1\win32project1\win32project1\parser.h(360): warning C4129: '}': 문자 이스케이프 시퀀스를 인식할 수 없습니다.
c:\users\23jae\desktop\최종_웹브라우저\최종_웹브라우저\백업_0223.0915\백업_후반\win32project1_백업\win32project1\win32project1\win32project1\parser.h(360): warning C4129: '=': 문자 이스케이프 시퀀스를 인식할 수 없습니다.
c:\users\23jae\desktop\최종_웹브라우저\최종_웹브라우저\백업_0223.0915\백업_후반\win32project1_백업\win32project1\win32project1\win32project1\parser.h(360): warning C4129: ':': 문자 이스케이프 시퀀스를 인식할 수 없습니다.
c:\users\23jae\desktop\최종_웹브라우저\최종_웹브라우저\백업_0223.0915\백업_후반\win32project1_백업\win32project1\win32project1\win32project1\parser.h(360): warning C4129: ';': 문자 이스케이프 시퀀스를 인식할 수 없습니다.
c:\users\23jae\desktop\최종_웹브라우저\최종_웹브라우저\백업_0223.0915\백업_후반\win32project1_백업\win32project1\win32project1\win32project1\parser.h(360): warning C4129: '.': 문자 이스케이프 시퀀스를 인식할 수 없습니다.
c:\users\23jae\desktop\최종_웹브라우저\최종_웹브라우저\백업_0223.0915\백업_후반\win32project1_백업\win32project1\win32project1\win32project1\parser.h(360): warning C4129: ',': 문자 이스케이프 시퀀스를 인식할 수 없습니다.
test.cpp(55): warning C4101: 'searchindex' :참조되지 않은 지역 변수입니다.
test.cpp(54): warning C4101: 'str' :참조되지 않은 지역 변수입니다.
  코드를 생성하고 있습니다.
  0 of 1929 functions ( 0.0%) were compiled, the rest were copied from previous compilation.
    0 functions were new in current compilation
    11 functions had inline decision re-evaluated but remain unchanged
  코드를 생성했습니다.
  Win32Project1.vcxproj -> C:\Users\23JAE\Desktop\최종_웹브라우저\최종_웹브라우저\백업_0223.0915\백업_후반\Win32Project1_백업\Win32Project1\Win32Project1\Win32Project1\Release\Win32Project1.exe
