c:\users\23jae\desktop\웹브라우저_최종_프로젝트파일\백업_0309.1110\백업_후반\win32project1_백업\win32project1\win32project1\win32project1\release\vc140.pdb
c:\users\23jae\desktop\웹브라우저_최종_프로젝트파일\백업_0309.1110\백업_후반\win32project1_백업\win32project1\win32project1\win32project1\release\test.obj
c:\users\23jae\desktop\웹브라우저_최종_프로젝트파일\백업_0309.1110\백업_후반\win32project1_백업\win32project1\win32project1\win32project1\release\win32project1.exe
c:\users\23jae\desktop\웹브라우저_최종_프로젝트파일\백업_0309.1110\백업_후반\win32project1_백업\win32project1\win32project1\win32project1\release\win32project1.pdb
c:\users\23jae\desktop\웹브라우저_최종_프로젝트파일\백업_0309.1110\백업_후반\win32project1_백업\win32project1\win32project1\win32project1\release\menu.res
c:\users\23jae\desktop\웹브라우저_최종_프로젝트파일\백업_0309.1110\백업_후반\win32project1_백업\win32project1\win32project1\win32project1\release\win32project1.ipdb
c:\users\23jae\desktop\웹브라우저_최종_프로젝트파일\백업_0309.1110\백업_후반\win32project1_백업\win32project1\win32project1\win32project1\release\win32project1.iobj
c:\users\23jae\desktop\웹브라우저_최종_프로젝트파일\백업_0309.1110\백업_후반\win32project1_백업\win32project1\win32project1\win32project1\release\searchdirectory.tli
c:\users\23jae\desktop\웹브라우저_최종_프로젝트파일\백업_0309.1110\백업_후반\win32project1_백업\win32project1\win32project1\win32project1\release\searchdirectory2.tli
c:\users\23jae\desktop\웹브라우저_최종_프로젝트파일\백업_0309.1110\백업_후반\win32project1_백업\win32project1\win32project1\win32project1\release\searchdirectory.tlh
c:\users\23jae\desktop\웹브라우저_최종_프로젝트파일\백업_0309.1110\백업_후반\win32project1_백업\win32project1\win32project1\win32project1\release\searchdirectory2.tlh
c:\users\23jae\desktop\웹브라우저_최종_프로젝트파일\백업_0309.1110\백업_후반\win32project1_백업\win32project1\win32project1\win32project1\release\win32project1.tlog\cl.command.1.tlog
c:\users\23jae\desktop\웹브라우저_최종_프로젝트파일\백업_0309.1110\백업_후반\win32project1_백업\win32project1\win32project1\win32project1\release\win32project1.tlog\cl.read.1.tlog
c:\users\23jae\desktop\웹브라우저_최종_프로젝트파일\백업_0309.1110\백업_후반\win32project1_백업\win32project1\win32project1\win32project1\release\win32project1.tlog\cl.write.1.tlog
c:\users\23jae\desktop\웹브라우저_최종_프로젝트파일\백업_0309.1110\백업_후반\win32project1_백업\win32project1\win32project1\win32project1\release\win32project1.tlog\link.command.1.tlog
c:\users\23jae\desktop\웹브라우저_최종_프로젝트파일\백업_0309.1110\백업_후반\win32project1_백업\win32project1\win32project1\win32project1\release\win32project1.tlog\link.read.1.tlog
c:\users\23jae\desktop\웹브라우저_최종_프로젝트파일\백업_0309.1110\백업_후반\win32project1_백업\win32project1\win32project1\win32project1\release\win32project1.tlog\link.write.1.tlog
c:\users\23jae\desktop\웹브라우저_최종_프로젝트파일\백업_0309.1110\백업_후반\win32project1_백업\win32project1\win32project1\win32project1\release\win32project1.tlog\rc.command.1.tlog
c:\users\23jae\desktop\웹브라우저_최종_프로젝트파일\백업_0309.1110\백업_후반\win32project1_백업\win32project1\win32project1\win32project1\release\win32project1.tlog\rc.read.1.tlog
c:\users\23jae\desktop\웹브라우저_최종_프로젝트파일\백업_0309.1110\백업_후반\win32project1_백업\win32project1\win32project1\win32project1\release\win32project1.tlog\rc.write.1.tlog
