  test.cpp
c:\users\23jae\desktop\웹브라우저_최종_프로젝트파일\백업_0309.1110\백업_후반\win32project1_백업\win32project1\win32project1\win32project1\header.h(79): error C2440: '초기화 중': 'const char [20]'에서 'LPCWSTR'(으)로 변환할 수 없습니다.
  c:\users\23jae\desktop\웹브라우저_최종_프로젝트파일\백업_0309.1110\백업_후반\win32project1_백업\win32project1\win32project1\win32project1\header.h(79): note: 가리킨 형식이 관련이 없습니다. 변환하려면 reinterpret_cast, C 스타일 캐스트 또는 함수 스타일 캐스트가 필요합니다.
c:\users\23jae\desktop\웹브라우저_최종_프로젝트파일\백업_0309.1110\백업_후반\win32project1_백업\win32project1\win32project1\win32project1\header.h(80): error C2440: '초기화 중': 'const char [17]'에서 'LPCWSTR'(으)로 변환할 수 없습니다.
  c:\users\23jae\desktop\웹브라우저_최종_프로젝트파일\백업_0309.1110\백업_후반\win32project1_백업\win32project1\win32project1\win32project1\header.h(80): note: 가리킨 형식이 관련이 없습니다. 변환하려면 reinterpret_cast, C 스타일 캐스트 또는 함수 스타일 캐스트가 필요합니다.
c:\users\23jae\desktop\웹브라우저_최종_프로젝트파일\백업_0309.1110\백업_후반\win32project1_백업\win32project1\win32project1\win32project1\header.h(233): error C2664: 'INT WSAAddressToStringA(LPSOCKADDR,DWORD,LPWSAPROTOCOL_INFOA,LPSTR,LPDWORD)': 인수 4을(를) 'wchar_t [46]'에서 'LPSTR'(으)로 변환할 수 없습니다.
  c:\users\23jae\desktop\웹브라우저_최종_프로젝트파일\백업_0309.1110\백업_후반\win32project1_백업\win32project1\win32project1\win32project1\header.h(233): note: 가리킨 형식이 관련이 없습니다. 변환하려면 reinterpret_cast, C 스타일 캐스트 또는 함수 스타일 캐스트가 필요합니다.
c:\users\23jae\desktop\웹브라우저_최종_프로젝트파일\백업_0309.1110\백업_후반\win32project1_백업\win32project1\win32project1\win32project1\hyperlink.h(16): error C2664: 'HWND CreateWindowExA(DWORD,LPCSTR,LPCSTR,DWORD,int,int,int,int,HWND,HMENU,HINSTANCE,LPVOID)': 인수 3을(를) 'wchar_t *'에서 'LPCSTR'(으)로 변환할 수 없습니다.
  c:\users\23jae\desktop\웹브라우저_최종_프로젝트파일\백업_0309.1110\백업_후반\win32project1_백업\win32project1\win32project1\win32project1\hyperlink.h(16): note: 가리킨 형식이 관련이 없습니다. 변환하려면 reinterpret_cast, C 스타일 캐스트 또는 함수 스타일 캐스트가 필요합니다.
c:\users\23jae\desktop\웹브라우저_최종_프로젝트파일\백업_0309.1110\백업_후반\win32project1_백업\win32project1\win32project1\win32project1\hyperlink.h(18): error C2440: '=': 'const char [26]'에서 'wchar_t *'(으)로 변환할 수 없습니다.
  c:\users\23jae\desktop\웹브라우저_최종_프로젝트파일\백업_0309.1110\백업_후반\win32project1_백업\win32project1\win32project1\win32project1\hyperlink.h(18): note: 가리킨 형식이 관련이 없습니다. 변환하려면 reinterpret_cast, C 스타일 캐스트 또는 함수 스타일 캐스트가 필요합니다.
c:\users\23jae\desktop\웹브라우저_최종_프로젝트파일\백업_0309.1110\백업_후반\win32project1_백업\win32project1\win32project1\win32project1\hyperlink.h(28): error C2664: 'HWND CreateWindowExA(DWORD,LPCSTR,LPCSTR,DWORD,int,int,int,int,HWND,HMENU,HINSTANCE,LPVOID)': 인수 3을(를) 'wchar_t *'에서 'LPCSTR'(으)로 변환할 수 없습니다.
  c:\users\23jae\desktop\웹브라우저_최종_프로젝트파일\백업_0309.1110\백업_후반\win32project1_백업\win32project1\win32project1\win32project1\hyperlink.h(28): note: 가리킨 형식이 관련이 없습니다. 변환하려면 reinterpret_cast, C 스타일 캐스트 또는 함수 스타일 캐스트가 필요합니다.
c:\users\23jae\desktop\웹브라우저_최종_프로젝트파일\백업_0309.1110\백업_후반\win32project1_백업\win32project1\win32project1\win32project1\hyperlink.h(30): error C2440: '=': 'const char [27]'에서 'wchar_t *'(으)로 변환할 수 없습니다.
  c:\users\23jae\desktop\웹브라우저_최종_프로젝트파일\백업_0309.1110\백업_후반\win32project1_백업\win32project1\win32project1\win32project1\hyperlink.h(30): note: 가리킨 형식이 관련이 없습니다. 변환하려면 reinterpret_cast, C 스타일 캐스트 또는 함수 스타일 캐스트가 필요합니다.
c:\users\23jae\desktop\웹브라우저_최종_프로젝트파일\백업_0309.1110\백업_후반\win32project1_백업\win32project1\win32project1\win32project1\parser.h(11): warning C4129: '(': 문자 이스케이프 시퀀스를 인식할 수 없습니다.
c:\users\23jae\desktop\웹브라우저_최종_프로젝트파일\백업_0309.1110\백업_후반\win32project1_백업\win32project1\win32project1\win32project1\parser.h(11): error C2664: 'std::basic_regex<wchar_t,std::regex_traits<wchar_t>>::basic_regex(std::basic_regex<wchar_t,std::regex_traits<wchar_t>> &&) noexcept': 인수 1을(를) 'const char [63]'에서 'const wchar_t *'(으)로 변환할 수 없습니다.
  c:\users\23jae\desktop\웹브라우저_최종_프로젝트파일\백업_0309.1110\백업_후반\win32project1_백업\win32project1\win32project1\win32project1\parser.h(11): note: 가리킨 형식이 관련이 없습니다. 변환하려면 reinterpret_cast, C 스타일 캐스트 또는 함수 스타일 캐스트가 필요합니다.
c:\users\23jae\desktop\웹브라우저_최종_프로젝트파일\백업_0309.1110\백업_후반\win32project1_백업\win32project1\win32project1\win32project1\parser.h(24): error C2440: 'return': 'const char [12]'에서 'std::basic_string<wchar_t,std::char_traits<wchar_t>,std::allocator<wchar_t>>'(으)로 변환할 수 없습니다.
  c:\users\23jae\desktop\웹브라우저_최종_프로젝트파일\백업_0309.1110\백업_후반\win32project1_백업\win32project1\win32project1\win32project1\parser.h(24): note: 소스 형식을 가져올 수 있는 생성자가 없거나 생성자 오버로드 확인이 모호합니다.
c:\users\23jae\desktop\웹브라우저_최종_프로젝트파일\백업_0309.1110\백업_후반\win32project1_백업\win32project1\win32project1\win32project1\parser.h(31): warning C4129: '(': 문자 이스케이프 시퀀스를 인식할 수 없습니다.
c:\users\23jae\desktop\웹브라우저_최종_프로젝트파일\백업_0309.1110\백업_후반\win32project1_백업\win32project1\win32project1\win32project1\parser.h(31): error C2664: 'std::basic_regex<wchar_t,std::regex_traits<wchar_t>>::basic_regex(std::basic_regex<wchar_t,std::regex_traits<wchar_t>> &&) noexcept': 인수 1을(를) 'const char [63]'에서 'const wchar_t *'(으)로 변환할 수 없습니다.
  c:\users\23jae\desktop\웹브라우저_최종_프로젝트파일\백업_0309.1110\백업_후반\win32project1_백업\win32project1\win32project1\win32project1\parser.h(31): note: 가리킨 형식이 관련이 없습니다. 변환하려면 reinterpret_cast, C 스타일 캐스트 또는 함수 스타일 캐스트가 필요합니다.
c:\users\23jae\desktop\웹브라우저_최종_프로젝트파일\백업_0309.1110\백업_후반\win32project1_백업\win32project1\win32project1\win32project1\parser.h(43): error C2440: 'return': 'const char [12]'에서 'std::basic_string<wchar_t,std::char_traits<wchar_t>,std::allocator<wchar_t>>'(으)로 변환할 수 없습니다.
  c:\users\23jae\desktop\웹브라우저_최종_프로젝트파일\백업_0309.1110\백업_후반\win32project1_백업\win32project1\win32project1\win32project1\parser.h(43): note: 소스 형식을 가져올 수 있는 생성자가 없거나 생성자 오버로드 확인이 모호합니다.
c:\users\23jae\desktop\웹브라우저_최종_프로젝트파일\백업_0309.1110\백업_후반\win32project1_백업\win32project1\win32project1\win32project1\parser.h(57): warning C4129: '(': 문자 이스케이프 시퀀스를 인식할 수 없습니다.
c:\users\23jae\desktop\웹브라우저_최종_프로젝트파일\백업_0309.1110\백업_후반\win32project1_백업\win32project1\win32project1\win32project1\parser.h(57): error C2440: '=': 'const char [33]'에서 'wchar_t *'(으)로 변환할 수 없습니다.
  c:\users\23jae\desktop\웹브라우저_최종_프로젝트파일\백업_0309.1110\백업_후반\win32project1_백업\win32project1\win32project1\win32project1\parser.h(57): note: 가리킨 형식이 관련이 없습니다. 변환하려면 reinterpret_cast, C 스타일 캐스트 또는 함수 스타일 캐스트가 필요합니다.
c:\users\23jae\desktop\웹브라우저_최종_프로젝트파일\백업_0309.1110\백업_후반\win32project1_백업\win32project1\win32project1\win32project1\parser.h(59): warning C4129: '(': 문자 이스케이프 시퀀스를 인식할 수 없습니다.
c:\users\23jae\desktop\웹브라우저_최종_프로젝트파일\백업_0309.1110\백업_후반\win32project1_백업\win32project1\win32project1\win32project1\parser.h(59): error C2440: '=': 'const char [11]'에서 'wchar_t *'(으)로 변환할 수 없습니다.
  c:\users\23jae\desktop\웹브라우저_최종_프로젝트파일\백업_0309.1110\백업_후반\win32project1_백업\win32project1\win32project1\win32project1\parser.h(59): note: 가리킨 형식이 관련이 없습니다. 변환하려면 reinterpret_cast, C 스타일 캐스트 또는 함수 스타일 캐스트가 필요합니다.
c:\users\23jae\desktop\웹브라우저_최종_프로젝트파일\백업_0309.1110\백업_후반\win32project1_백업\win32project1\win32project1\win32project1\parser.h(61): warning C4129: '(': 문자 이스케이프 시퀀스를 인식할 수 없습니다.
c:\users\23jae\desktop\웹브라우저_최종_프로젝트파일\백업_0309.1110\백업_후반\win32project1_백업\win32project1\win32project1\win32project1\parser.h(61): error C2440: '=': 'const char [26]'에서 'wchar_t *'(으)로 변환할 수 없습니다.
  c:\users\23jae\desktop\웹브라우저_최종_프로젝트파일\백업_0309.1110\백업_후반\win32project1_백업\win32project1\win32project1\win32project1\parser.h(61): note: 가리킨 형식이 관련이 없습니다. 변환하려면 reinterpret_cast, C 스타일 캐스트 또는 함수 스타일 캐스트가 필요합니다.
c:\users\23jae\desktop\웹브라우저_최종_프로젝트파일\백업_0309.1110\백업_후반\win32project1_백업\win32project1\win32project1\win32project1\parser.h(92): error C2664: 'int wsprintfA(LPSTR,LPCSTR,...)': 인수 1을(를) 'wchar_t [20]'에서 'LPSTR'(으)로 변환할 수 없습니다.
  c:\users\23jae\desktop\웹브라우저_최종_프로젝트파일\백업_0309.1110\백업_후반\win32project1_백업\win32project1\win32project1\win32project1\parser.h(92): note: 가리킨 형식이 관련이 없습니다. 변환하려면 reinterpret_cast, C 스타일 캐스트 또는 함수 스타일 캐스트가 필요합니다.
c:\users\23jae\desktop\웹브라우저_최종_프로젝트파일\백업_0309.1110\백업_후반\win32project1_백업\win32project1\win32project1\win32project1\parser.h(93): warning C4018: '<': signed 또는 unsigned가 일치하지 않습니다.
c:\users\23jae\desktop\웹브라우저_최종_프로젝트파일\백업_0309.1110\백업_후반\win32project1_백업\win32project1\win32project1\win32project1\parser.h(95): warning C4244: '인수': 'wchar_t'에서 'CHAR'(으)로 변환하면서 데이터가 손실될 수 있습니다.
c:\users\23jae\desktop\웹브라우저_최종_프로젝트파일\백업_0309.1110\백업_후반\win32project1_백업\win32project1\win32project1\win32project1\parser.h(99): warning C4018: '<': signed 또는 unsigned가 일치하지 않습니다.
c:\users\23jae\desktop\웹브라우저_최종_프로젝트파일\백업_0309.1110\백업_후반\win32project1_백업\win32project1\win32project1\win32project1\parser.h(102): warning C4244: '=': 'wchar_t'에서 'char'(으)로 변환하면서 데이터가 손실될 수 있습니다.
c:\users\23jae\desktop\웹브라우저_최종_프로젝트파일\백업_0309.1110\백업_후반\win32project1_백업\win32project1\win32project1\win32project1\parser.h(109): error C2664: 'int wsprintfA(LPSTR,LPCSTR,...)': 인수 1을(를) 'wchar_t [100]'에서 'LPSTR'(으)로 변환할 수 없습니다.
  c:\users\23jae\desktop\웹브라우저_최종_프로젝트파일\백업_0309.1110\백업_후반\win32project1_백업\win32project1\win32project1\win32project1\parser.h(109): note: 가리킨 형식이 관련이 없습니다. 변환하려면 reinterpret_cast, C 스타일 캐스트 또는 함수 스타일 캐스트가 필요합니다.
c:\users\23jae\desktop\웹브라우저_최종_프로젝트파일\백업_0309.1110\백업_후반\win32project1_백업\win32project1\win32project1\win32project1\parser.h(134): error C2440: '=': 'const char [1]'에서 'wchar_t *'(으)로 변환할 수 없습니다.
  c:\users\23jae\desktop\웹브라우저_최종_프로젝트파일\백업_0309.1110\백업_후반\win32project1_백업\win32project1\win32project1\win32project1\parser.h(134): note: 가리킨 형식이 관련이 없습니다. 변환하려면 reinterpret_cast, C 스타일 캐스트 또는 함수 스타일 캐스트가 필요합니다.
c:\users\23jae\desktop\웹브라우저_최종_프로젝트파일\백업_0309.1110\백업_후반\win32project1_백업\win32project1\win32project1\win32project1\parser.h(159): error C2664: 'BOOL SetWindowTextA(HWND,LPCSTR)': 인수 2을(를) 'wchar_t *'에서 'LPCSTR'(으)로 변환할 수 없습니다.
  c:\users\23jae\desktop\웹브라우저_최종_프로젝트파일\백업_0309.1110\백업_후반\win32project1_백업\win32project1\win32project1\win32project1\parser.h(159): note: 가리킨 형식이 관련이 없습니다. 변환하려면 reinterpret_cast, C 스타일 캐스트 또는 함수 스타일 캐스트가 필요합니다.
c:\users\23jae\desktop\웹브라우저_최종_프로젝트파일\백업_0309.1110\백업_후반\win32project1_백업\win32project1\win32project1\win32project1\parser.h(160): error C2664: 'BOOL SetWindowTextA(HWND,LPCSTR)': 인수 2을(를) 'wchar_t *'에서 'LPCSTR'(으)로 변환할 수 없습니다.
  c:\users\23jae\desktop\웹브라우저_최종_프로젝트파일\백업_0309.1110\백업_후반\win32project1_백업\win32project1\win32project1\win32project1\parser.h(160): note: 가리킨 형식이 관련이 없습니다. 변환하려면 reinterpret_cast, C 스타일 캐스트 또는 함수 스타일 캐스트가 필요합니다.
c:\users\23jae\desktop\웹브라우저_최종_프로젝트파일\백업_0309.1110\백업_후반\win32project1_백업\win32project1\win32project1\win32project1\parser.h(208): warning C4129: '(': 문자 이스케이프 시퀀스를 인식할 수 없습니다.
c:\users\23jae\desktop\웹브라우저_최종_프로젝트파일\백업_0309.1110\백업_후반\win32project1_백업\win32project1\win32project1\win32project1\parser.h(211): warning C4129: '(': 문자 이스케이프 시퀀스를 인식할 수 없습니다.
c:\users\23jae\desktop\웹브라우저_최종_프로젝트파일\백업_0309.1110\백업_후반\win32project1_백업\win32project1\win32project1\win32project1\parser.h(351): error C2664: 'std::wstring replaceAll(const std::wstring &,const std::wstring &,const std::wstring &)': 인수 2을(를) 'const char [2]'에서 'const std::wstring &'(으)로 변환할 수 없습니다.
  c:\users\23jae\desktop\웹브라우저_최종_프로젝트파일\백업_0309.1110\백업_후반\win32project1_백업\win32project1\win32project1\win32project1\parser.h(351): note: 원인: 'const char [2]'에서 'const std::wstring'(으)로 변환할 수 없습니다.
  c:\users\23jae\desktop\웹브라우저_최종_프로젝트파일\백업_0309.1110\백업_후반\win32project1_백업\win32project1\win32project1\win32project1\parser.h(351): note: 소스 형식을 가져올 수 있는 생성자가 없거나 생성자 오버로드 확인이 모호합니다.
c:\users\23jae\desktop\웹브라우저_최종_프로젝트파일\백업_0309.1110\백업_후반\win32project1_백업\win32project1\win32project1\win32project1\parser.h(352): error C2664: 'std::wstring replaceAll(const std::wstring &,const std::wstring &,const std::wstring &)': 인수 2을(를) 'const char [2]'에서 'const std::wstring &'(으)로 변환할 수 없습니다.
  c:\users\23jae\desktop\웹브라우저_최종_프로젝트파일\백업_0309.1110\백업_후반\win32project1_백업\win32project1\win32project1\win32project1\parser.h(352): note: 원인: 'const char [2]'에서 'const std::wstring'(으)로 변환할 수 없습니다.
  c:\users\23jae\desktop\웹브라우저_최종_프로젝트파일\백업_0309.1110\백업_후반\win32project1_백업\win32project1\win32project1\win32project1\parser.h(352): note: 소스 형식을 가져올 수 있는 생성자가 없거나 생성자 오버로드 확인이 모호합니다.
c:\users\23jae\desktop\웹브라우저_최종_프로젝트파일\백업_0309.1110\백업_후반\win32project1_백업\win32project1\win32project1\win32project1\parser.h(353): error C2664: 'std::wstring replaceAll(const std::wstring &,const std::wstring &,const std::wstring &)': 인수 2을(를) 'const char [3]'에서 'const std::wstring &'(으)로 변환할 수 없습니다.
  c:\users\23jae\desktop\웹브라우저_최종_프로젝트파일\백업_0309.1110\백업_후반\win32project1_백업\win32project1\win32project1\win32project1\parser.h(353): note: 원인: 'const char [3]'에서 'const std::wstring'(으)로 변환할 수 없습니다.
  c:\users\23jae\desktop\웹브라우저_최종_프로젝트파일\백업_0309.1110\백업_후반\win32project1_백업\win32project1\win32project1\win32project1\parser.h(353): note: 소스 형식을 가져올 수 있는 생성자가 없거나 생성자 오버로드 확인이 모호합니다.
c:\users\23jae\desktop\웹브라우저_최종_프로젝트파일\백업_0309.1110\백업_후반\win32project1_백업\win32project1\win32project1\win32project1\parser.h(354): error C2664: 'std::wstring replaceAll(const std::wstring &,const std::wstring &,const std::wstring &)': 인수 2을(를) 'const char [2]'에서 'const std::wstring &'(으)로 변환할 수 없습니다.
  c:\users\23jae\desktop\웹브라우저_최종_프로젝트파일\백업_0309.1110\백업_후반\win32project1_백업\win32project1\win32project1\win32project1\parser.h(354): note: 원인: 'const char [2]'에서 'const std::wstring'(으)로 변환할 수 없습니다.
  c:\users\23jae\desktop\웹브라우저_최종_프로젝트파일\백업_0309.1110\백업_후반\win32project1_백업\win32project1\win32project1\win32project1\parser.h(354): note: 소스 형식을 가져올 수 있는 생성자가 없거나 생성자 오버로드 확인이 모호합니다.
c:\users\23jae\desktop\웹브라우저_최종_프로젝트파일\백업_0309.1110\백업_후반\win32project1_백업\win32project1\win32project1\win32project1\parser.h(357): warning C4129: '(': 문자 이스케이프 시퀀스를 인식할 수 없습니다.
c:\users\23jae\desktop\웹브라우저_최종_프로젝트파일\백업_0309.1110\백업_후반\win32project1_백업\win32project1\win32project1\win32project1\parser.h(357): error C2664: 'std::basic_regex<wchar_t,std::regex_traits<wchar_t>>::basic_regex(std::basic_regex<wchar_t,std::regex_traits<wchar_t>> &&) noexcept': 인수 1을(를) 'const char [71]'에서 'const wchar_t *'(으)로 변환할 수 없습니다.
  c:\users\23jae\desktop\웹브라우저_최종_프로젝트파일\백업_0309.1110\백업_후반\win32project1_백업\win32project1\win32project1\win32project1\parser.h(357): note: 가리킨 형식이 관련이 없습니다. 변환하려면 reinterpret_cast, C 스타일 캐스트 또는 함수 스타일 캐스트가 필요합니다.
c:\users\23jae\desktop\웹브라우저_최종_프로젝트파일\백업_0309.1110\백업_후반\win32project1_백업\win32project1\win32project1\win32project1\parser.h(359): warning C4129: '-': 문자 이스케이프 시퀀스를 인식할 수 없습니다.
c:\users\23jae\desktop\웹브라우저_최종_프로젝트파일\백업_0309.1110\백업_후반\win32project1_백업\win32project1\win32project1\win32project1\parser.h(359): warning C4129: '_': 문자 이스케이프 시퀀스를 인식할 수 없습니다.
c:\users\23jae\desktop\웹브라우저_최종_프로젝트파일\백업_0309.1110\백업_후반\win32project1_백업\win32project1\win32project1\win32project1\parser.h(359): warning C4129: '~': 문자 이스케이프 시퀀스를 인식할 수 없습니다.
c:\users\23jae\desktop\웹브라우저_최종_프로젝트파일\백업_0309.1110\백업_후반\win32project1_백업\win32project1\win32project1\win32project1\parser.h(359): warning C4129: '`': 문자 이스케이프 시퀀스를 인식할 수 없습니다.
c:\users\23jae\desktop\웹브라우저_최종_프로젝트파일\백업_0309.1110\백업_후반\win32project1_백업\win32project1\win32project1\win32project1\parser.h(359): warning C4129: '!': 문자 이스케이프 시퀀스를 인식할 수 없습니다.
c:\users\23jae\desktop\웹브라우저_최종_프로젝트파일\백업_0309.1110\백업_후반\win32project1_백업\win32project1\win32project1\win32project1\parser.h(359): warning C4129: '@': 문자 이스케이프 시퀀스를 인식할 수 없습니다.
c:\users\23jae\desktop\웹브라우저_최종_프로젝트파일\백업_0309.1110\백업_후반\win32project1_백업\win32project1\win32project1\win32project1\parser.h(359): warning C4129: '#': 문자 이스케이프 시퀀스를 인식할 수 없습니다.
c:\users\23jae\desktop\웹브라우저_최종_프로젝트파일\백업_0309.1110\백업_후반\win32project1_백업\win32project1\win32project1\win32project1\parser.h(359): warning C4129: '$': 문자 이스케이프 시퀀스를 인식할 수 없습니다.
c:\users\23jae\desktop\웹브라우저_최종_프로젝트파일\백업_0309.1110\백업_후반\win32project1_백업\win32project1\win32project1\win32project1\parser.h(359): warning C4129: '%': 문자 이스케이프 시퀀스를 인식할 수 없습니다.
c:\users\23jae\desktop\웹브라우저_최종_프로젝트파일\백업_0309.1110\백업_후반\win32project1_백업\win32project1\win32project1\win32project1\parser.h(359): warning C4129: '^': 문자 이스케이프 시퀀스를 인식할 수 없습니다.
c:\users\23jae\desktop\웹브라우저_최종_프로젝트파일\백업_0309.1110\백업_후반\win32project1_백업\win32project1\win32project1\win32project1\parser.h(359): warning C4129: '&': 문자 이스케이프 시퀀스를 인식할 수 없습니다.
c:\users\23jae\desktop\웹브라우저_최종_프로젝트파일\백업_0309.1110\백업_후반\win32project1_백업\win32project1\win32project1\win32project1\parser.h(359): warning C4129: '*': 문자 이스케이프 시퀀스를 인식할 수 없습니다.
c:\users\23jae\desktop\웹브라우저_최종_프로젝트파일\백업_0309.1110\백업_후반\win32project1_백업\win32project1\win32project1\win32project1\parser.h(359): warning C4129: '(': 문자 이스케이프 시퀀스를 인식할 수 없습니다.
c:\users\23jae\desktop\웹브라우저_최종_프로젝트파일\백업_0309.1110\백업_후반\win32project1_백업\win32project1\win32project1\win32project1\parser.h(359): warning C4129: ')': 문자 이스케이프 시퀀스를 인식할 수 없습니다.
c:\users\23jae\desktop\웹브라우저_최종_프로젝트파일\백업_0309.1110\백업_후반\win32project1_백업\win32project1\win32project1\win32project1\parser.h(359): warning C4129: '{': 문자 이스케이프 시퀀스를 인식할 수 없습니다.
c:\users\23jae\desktop\웹브라우저_최종_프로젝트파일\백업_0309.1110\백업_후반\win32project1_백업\win32project1\win32project1\win32project1\parser.h(359): warning C4129: '}': 문자 이스케이프 시퀀스를 인식할 수 없습니다.
c:\users\23jae\desktop\웹브라우저_최종_프로젝트파일\백업_0309.1110\백업_후반\win32project1_백업\win32project1\win32project1\win32project1\parser.h(359): warning C4129: '=': 문자 이스케이프 시퀀스를 인식할 수 없습니다.
c:\users\23jae\desktop\웹브라우저_최종_프로젝트파일\백업_0309.1110\백업_후반\win32project1_백업\win32project1\win32project1\win32project1\parser.h(359): warning C4129: ':': 문자 이스케이프 시퀀스를 인식할 수 없습니다.
c:\users\23jae\desktop\웹브라우저_최종_프로젝트파일\백업_0309.1110\백업_후반\win32project1_백업\win32project1\win32project1\win32project1\parser.h(359): warning C4129: ';': 문자 이스케이프 시퀀스를 인식할 수 없습니다.
c:\users\23jae\desktop\웹브라우저_최종_프로젝트파일\백업_0309.1110\백업_후반\win32project1_백업\win32project1\win32project1\win32project1\parser.h(359): warning C4129: '.': 문자 이스케이프 시퀀스를 인식할 수 없습니다.
c:\users\23jae\desktop\웹브라우저_최종_프로젝트파일\백업_0309.1110\백업_후반\win32project1_백업\win32project1\win32project1\win32project1\parser.h(359): warning C4129: ',': 문자 이스케이프 시퀀스를 인식할 수 없습니다.
c:\users\23jae\desktop\웹브라우저_최종_프로젝트파일\백업_0309.1110\백업_후반\win32project1_백업\win32project1\win32project1\win32project1\parser.h(359): error C2664: 'std::basic_regex<wchar_t,std::regex_traits<wchar_t>>::basic_regex(std::basic_regex<wchar_t,std::regex_traits<wchar_t>> &&) noexcept': 인수 1을(를) 'const char [48]'에서 'const wchar_t *'(으)로 변환할 수 없습니다.
  c:\users\23jae\desktop\웹브라우저_최종_프로젝트파일\백업_0309.1110\백업_후반\win32project1_백업\win32project1\win32project1\win32project1\parser.h(359): note: 가리킨 형식이 관련이 없습니다. 변환하려면 reinterpret_cast, C 스타일 캐스트 또는 함수 스타일 캐스트가 필요합니다.
c:\users\23jae\desktop\웹브라우저_최종_프로젝트파일\백업_0309.1110\백업_후반\win32project1_백업\win32project1\win32project1\win32project1\parser.h(360): error C2664: 'std::basic_regex<wchar_t,std::regex_traits<wchar_t>>::basic_regex(std::basic_regex<wchar_t,std::regex_traits<wchar_t>> &&) noexcept': 인수 1을(를) 'const char [9]'에서 'const wchar_t *'(으)로 변환할 수 없습니다.
  c:\users\23jae\desktop\웹브라우저_최종_프로젝트파일\백업_0309.1110\백업_후반\win32project1_백업\win32project1\win32project1\win32project1\parser.h(360): note: 가리킨 형식이 관련이 없습니다. 변환하려면 reinterpret_cast, C 스타일 캐스트 또는 함수 스타일 캐스트가 필요합니다.
c:\users\23jae\desktop\웹브라우저_최종_프로젝트파일\백업_0309.1110\백업_후반\win32project1_백업\win32project1\win32project1\win32project1\parser.h(361): error C2664: 'std::basic_regex<wchar_t,std::regex_traits<wchar_t>>::basic_regex(std::basic_regex<wchar_t,std::regex_traits<wchar_t>> &&) noexcept': 인수 1을(를) 'const char [6]'에서 'const wchar_t *'(으)로 변환할 수 없습니다.
  c:\users\23jae\desktop\웹브라우저_최종_프로젝트파일\백업_0309.1110\백업_후반\win32project1_백업\win32project1\win32project1\win32project1\parser.h(361): note: 가리킨 형식이 관련이 없습니다. 변환하려면 reinterpret_cast, C 스타일 캐스트 또는 함수 스타일 캐스트가 필요합니다.
c:\users\23jae\desktop\웹브라우저_최종_프로젝트파일\백업_0309.1110\백업_후반\win32project1_백업\win32project1\win32project1\win32project1\parser.h(362): error C2664: 'std::basic_regex<wchar_t,std::regex_traits<wchar_t>>::basic_regex(std::basic_regex<wchar_t,std::regex_traits<wchar_t>> &&) noexcept': 인수 1을(를) 'const char [4]'에서 'const wchar_t *'(으)로 변환할 수 없습니다.
  c:\users\23jae\desktop\웹브라우저_최종_프로젝트파일\백업_0309.1110\백업_후반\win32project1_백업\win32project1\win32project1\win32project1\parser.h(362): note: 가리킨 형식이 관련이 없습니다. 변환하려면 reinterpret_cast, C 스타일 캐스트 또는 함수 스타일 캐스트가 필요합니다.
c:\users\23jae\desktop\웹브라우저_최종_프로젝트파일\백업_0309.1110\백업_후반\win32project1_백업\win32project1\win32project1\win32project1\parser.h(366): error C2672: 'regex_replace': 일치하는 오버로드된 함수가 없습니다.
c:\users\23jae\desktop\웹브라우저_최종_프로젝트파일\백업_0309.1110\백업_후반\win32project1_백업\win32project1\win32project1\win32project1\parser.h(366): error C2784: 'std::basic_string<_Elem,std::char_traits<_Elem>,std::allocator<_Other>> std::regex_replace(const _Elem *,const std::basic_regex<_Elem,_RxTraits> &,const _Elem *,std::regex_constants::match_flag_type)': 'const _Elem *'의 템플릿 인수를 'std::wstring'에서 추론할 수 없습니다.
  C:\Program Files (x86)\Microsoft Visual Studio 14.0\VC\include\regex(3106): note: 'std::regex_replace' 선언을 참조하십시오.
c:\users\23jae\desktop\웹브라우저_최종_프로젝트파일\백업_0309.1110\백업_후반\win32project1_백업\win32project1\win32project1\win32project1\parser.h(366): error C2784: 'std::basic_string<_Elem,std::char_traits<_Elem>,std::allocator<_Other>> std::regex_replace(const _Elem *,const std::basic_regex<_Elem,_RxTraits> &,const std::basic_string<_Elem,_Traits1,_Alloc1> &,std::regex_constants::match_flag_type)': 'const _Elem *'의 템플릿 인수를 'std::wstring'에서 추론할 수 없습니다.
  C:\Program Files (x86)\Microsoft Visual Studio 14.0\VC\include\regex(3090): note: 'std::regex_replace' 선언을 참조하십시오.
c:\users\23jae\desktop\웹브라우저_최종_프로젝트파일\백업_0309.1110\백업_후반\win32project1_백업\win32project1\win32project1\win32project1\parser.h(366): error C2782: 'std::basic_string<_Elem,_Traits1,_Alloc1> std::regex_replace(const std::basic_string<_Elem,_Traits1,_Alloc1> &,const std::basic_regex<_Elem,_RxTraits> &,const _Elem *,std::regex_constants::match_flag_type)': 템플릿 매개 변수 '_Elem'이(가) 모호합니다.
  C:\Program Files (x86)\Microsoft Visual Studio 14.0\VC\include\regex(3072): note: 'std::regex_replace' 선언을 참조하십시오.
  c:\users\23jae\desktop\웹브라우저_최종_프로젝트파일\백업_0309.1110\백업_후반\win32project1_백업\win32project1\win32project1\win32project1\parser.h(366): note: 'char'일 수 있습니다.
  c:\users\23jae\desktop\웹브라우저_최종_프로젝트파일\백업_0309.1110\백업_후반\win32project1_백업\win32project1\win32project1\win32project1\parser.h(366): note: 또는      'wchar_t'
c:\users\23jae\desktop\웹브라우저_최종_프로젝트파일\백업_0309.1110\백업_후반\win32project1_백업\win32project1\win32project1\win32project1\parser.h(366): error C2784: 'std::basic_string<_Elem,_Traits1,_Alloc1> std::regex_replace(const std::basic_string<_Elem,_Traits1,_Alloc1> &,const std::basic_regex<_Elem,_RxTraits> &,const _Elem *,std::regex_constants::match_flag_type)': 'const _Elem *'의 템플릿 인수를 'const char [1]'에서 추론할 수 없습니다.
  C:\Program Files (x86)\Microsoft Visual Studio 14.0\VC\include\regex(3072): note: 'std::regex_replace' 선언을 참조하십시오.
c:\users\23jae\desktop\웹브라우저_최종_프로젝트파일\백업_0309.1110\백업_후반\win32project1_백업\win32project1\win32project1\win32project1\parser.h(366): error C2784: 'std::basic_string<_Elem,_Traits1,_Alloc1> std::regex_replace(const std::basic_string<_Elem,_Traits1,_Alloc1> &,const std::basic_regex<_Elem,_RxTraits> &,const std::basic_string<_Elem,_Traits2,_Alloc2> &,std::regex_constants::match_flag_type)': 'const std::basic_string<_Elem,_Traits2,_Alloc2> &'의 템플릿 인수를 'const char [1]'에서 추론할 수 없습니다.
  C:\Program Files (x86)\Microsoft Visual Studio 14.0\VC\include\regex(3055): note: 'std::regex_replace' 선언을 참조하십시오.
c:\users\23jae\desktop\웹브라우저_최종_프로젝트파일\백업_0309.1110\백업_후반\win32project1_백업\win32project1\win32project1\win32project1\parser.h(366): error C2780: '_OutIt std::regex_replace(_OutIt,_BidIt,_BidIt,const std::basic_regex<_Elem,_RxTraits> &,const _Elem *,std::regex_constants::match_flag_type)': 인수가 6개 있어야 하는데 3개를 사용했습니다.
  C:\Program Files (x86)\Microsoft Visual Studio 14.0\VC\include\regex(3037): note: 'std::regex_replace' 선언을 참조하십시오.
c:\users\23jae\desktop\웹브라우저_최종_프로젝트파일\백업_0309.1110\백업_후반\win32project1_백업\win32project1\win32project1\win32project1\parser.h(366): error C2780: '_OutTy *std::regex_replace(_OutTy (&)[_OutSize],_BidIt,_BidIt,const std::basic_regex<_Elem,_RxTraits> &,const std::basic_string<_Elem,_Traits,_Alloc> &,std::regex_constants::match_flag_type)': 인수가 6개 있어야 하는데 3개를 사용했습니다.
  C:\Program Files (x86)\Microsoft Visual Studio 14.0\VC\include\regex(3020): note: 'std::regex_replace' 선언을 참조하십시오.
c:\users\23jae\desktop\웹브라우저_최종_프로젝트파일\백업_0309.1110\백업_후반\win32project1_백업\win32project1\win32project1\win32project1\parser.h(366): error C2780: '_OutIt std::regex_replace(_OutIt,_BidIt,_BidIt,const std::basic_regex<_Elem,_RxTraits> &,const std::basic_string<_Elem,_Traits,_Alloc> &,std::regex_constants::match_flag_type)': 인수가 6개 있어야 하는데 3개를 사용했습니다.
  C:\Program Files (x86)\Microsoft Visual Studio 14.0\VC\include\regex(3001): note: 'std::regex_replace' 선언을 참조하십시오.
c:\users\23jae\desktop\웹브라우저_최종_프로젝트파일\백업_0309.1110\백업_후반\win32project1_백업\win32project1\win32project1\win32project1\parser.h(368): error C2672: 'regex_replace': 일치하는 오버로드된 함수가 없습니다.
c:\users\23jae\desktop\웹브라우저_최종_프로젝트파일\백업_0309.1110\백업_후반\win32project1_백업\win32project1\win32project1\win32project1\parser.h(368): error C2784: 'std::basic_string<_Elem,std::char_traits<_Elem>,std::allocator<_Other>> std::regex_replace(const _Elem *,const std::basic_regex<_Elem,_RxTraits> &,const _Elem *,std::regex_constants::match_flag_type)': 'const _Elem *'의 템플릿 인수를 'std::wstring'에서 추론할 수 없습니다.
  C:\Program Files (x86)\Microsoft Visual Studio 14.0\VC\include\regex(3106): note: 'std::regex_replace' 선언을 참조하십시오.
c:\users\23jae\desktop\웹브라우저_최종_프로젝트파일\백업_0309.1110\백업_후반\win32project1_백업\win32project1\win32project1\win32project1\parser.h(368): error C2784: 'std::basic_string<_Elem,std::char_traits<_Elem>,std::allocator<_Other>> std::regex_replace(const _Elem *,const std::basic_regex<_Elem,_RxTraits> &,const std::basic_string<_Elem,_Traits1,_Alloc1> &,std::regex_constants::match_flag_type)': 'const _Elem *'의 템플릿 인수를 'std::wstring'에서 추론할 수 없습니다.
  C:\Program Files (x86)\Microsoft Visual Studio 14.0\VC\include\regex(3090): note: 'std::regex_replace' 선언을 참조하십시오.
c:\users\23jae\desktop\웹브라우저_최종_프로젝트파일\백업_0309.1110\백업_후반\win32project1_백업\win32project1\win32project1\win32project1\parser.h(368): error C2782: 'std::basic_string<_Elem,_Traits1,_Alloc1> std::regex_replace(const std::basic_string<_Elem,_Traits1,_Alloc1> &,const std::basic_regex<_Elem,_RxTraits> &,const _Elem *,std::regex_constants::match_flag_type)': 템플릿 매개 변수 '_Elem'이(가) 모호합니다.
  C:\Program Files (x86)\Microsoft Visual Studio 14.0\VC\include\regex(3072): note: 'std::regex_replace' 선언을 참조하십시오.
  c:\users\23jae\desktop\웹브라우저_최종_프로젝트파일\백업_0309.1110\백업_후반\win32project1_백업\win32project1\win32project1\win32project1\parser.h(368): note: 'char'일 수 있습니다.
  c:\users\23jae\desktop\웹브라우저_최종_프로젝트파일\백업_0309.1110\백업_후반\win32project1_백업\win32project1\win32project1\win32project1\parser.h(368): note: 또는      'wchar_t'
c:\users\23jae\desktop\웹브라우저_최종_프로젝트파일\백업_0309.1110\백업_후반\win32project1_백업\win32project1\win32project1\win32project1\parser.h(368): error C2784: 'std::basic_string<_Elem,_Traits1,_Alloc1> std::regex_replace(const std::basic_string<_Elem,_Traits1,_Alloc1> &,const std::basic_regex<_Elem,_RxTraits> &,const _Elem *,std::regex_constants::match_flag_type)': 'const _Elem *'의 템플릿 인수를 'const char [2]'에서 추론할 수 없습니다.
  C:\Program Files (x86)\Microsoft Visual Studio 14.0\VC\include\regex(3072): note: 'std::regex_replace' 선언을 참조하십시오.
c:\users\23jae\desktop\웹브라우저_최종_프로젝트파일\백업_0309.1110\백업_후반\win32project1_백업\win32project1\win32project1\win32project1\parser.h(368): error C2784: 'std::basic_string<_Elem,_Traits1,_Alloc1> std::regex_replace(const std::basic_string<_Elem,_Traits1,_Alloc1> &,const std::basic_regex<_Elem,_RxTraits> &,const std::basic_string<_Elem,_Traits2,_Alloc2> &,std::regex_constants::match_flag_type)': 'const std::basic_string<_Elem,_Traits2,_Alloc2> &'의 템플릿 인수를 'const char [2]'에서 추론할 수 없습니다.
  C:\Program Files (x86)\Microsoft Visual Studio 14.0\VC\include\regex(3055): note: 'std::regex_replace' 선언을 참조하십시오.
c:\users\23jae\desktop\웹브라우저_최종_프로젝트파일\백업_0309.1110\백업_후반\win32project1_백업\win32project1\win32project1\win32project1\parser.h(368): error C2780: '_OutIt std::regex_replace(_OutIt,_BidIt,_BidIt,const std::basic_regex<_Elem,_RxTraits> &,const _Elem *,std::regex_constants::match_flag_type)': 인수가 6개 있어야 하는데 3개를 사용했습니다.
  C:\Program Files (x86)\Microsoft Visual Studio 14.0\VC\include\regex(3037): note: 'std::regex_replace' 선언을 참조하십시오.
c:\users\23jae\desktop\웹브라우저_최종_프로젝트파일\백업_0309.1110\백업_후반\win32project1_백업\win32project1\win32project1\win32project1\parser.h(368): error C2780: '_OutTy *std::regex_replace(_OutTy (&)[_OutSize],_BidIt,_BidIt,const std::basic_regex<_Elem,_RxTraits> &,const std::basic_string<_Elem,_Traits,_Alloc> &,std::regex_constants::match_flag_type)': 인수가 6개 있어야 하는데 3개를 사용했습니다.
  C:\Program Files (x86)\Microsoft Visual Studio 14.0\VC\include\regex(3020): note: 'std::regex_replace' 선언을 참조하십시오.
c:\users\23jae\desktop\웹브라우저_최종_프로젝트파일\백업_0309.1110\백업_후반\win32project1_백업\win32project1\win32project1\win32project1\parser.h(368): error C2780: '_OutIt std::regex_replace(_OutIt,_BidIt,_BidIt,const std::basic_regex<_Elem,_RxTraits> &,const std::basic_string<_Elem,_Traits,_Alloc> &,std::regex_constants::match_flag_type)': 인수가 6개 있어야 하는데 3개를 사용했습니다.
  C:\Program Files (x86)\Microsoft Visual Studio 14.0\VC\include\regex(3001): note: 'std::regex_replace' 선언을 참조하십시오.
c:\users\23jae\desktop\웹브라우저_최종_프로젝트파일\백업_0309.1110\백업_후반\win32project1_백업\win32project1\win32project1\win32project1\parser.h(369): error C2672: 'regex_replace': 일치하는 오버로드된 함수가 없습니다.
c:\users\23jae\desktop\웹브라우저_최종_프로젝트파일\백업_0309.1110\백업_후반\win32project1_백업\win32project1\win32project1\win32project1\parser.h(369): error C2784: 'std::basic_string<_Elem,std::char_traits<_Elem>,std::allocator<_Other>> std::regex_replace(const _Elem *,const std::basic_regex<_Elem,_RxTraits> &,const _Elem *,std::regex_constants::match_flag_type)': 'const _Elem *'의 템플릿 인수를 'std::wstring'에서 추론할 수 없습니다.
  C:\Program Files (x86)\Microsoft Visual Studio 14.0\VC\include\regex(3106): note: 'std::regex_replace' 선언을 참조하십시오.
c:\users\23jae\desktop\웹브라우저_최종_프로젝트파일\백업_0309.1110\백업_후반\win32project1_백업\win32project1\win32project1\win32project1\parser.h(369): error C2784: 'std::basic_string<_Elem,std::char_traits<_Elem>,std::allocator<_Other>> std::regex_replace(const _Elem *,const std::basic_regex<_Elem,_RxTraits> &,const std::basic_string<_Elem,_Traits1,_Alloc1> &,std::regex_constants::match_flag_type)': 'const _Elem *'의 템플릿 인수를 'std::wstring'에서 추론할 수 없습니다.
  C:\Program Files (x86)\Microsoft Visual Studio 14.0\VC\include\regex(3090): note: 'std::regex_replace' 선언을 참조하십시오.
c:\users\23jae\desktop\웹브라우저_최종_프로젝트파일\백업_0309.1110\백업_후반\win32project1_백업\win32project1\win32project1\win32project1\parser.h(369): error C2782: 'std::basic_string<_Elem,_Traits1,_Alloc1> std::regex_replace(const std::basic_string<_Elem,_Traits1,_Alloc1> &,const std::basic_regex<_Elem,_RxTraits> &,const _Elem *,std::regex_constants::match_flag_type)': 템플릿 매개 변수 '_Elem'이(가) 모호합니다.
  C:\Program Files (x86)\Microsoft Visual Studio 14.0\VC\include\regex(3072): note: 'std::regex_replace' 선언을 참조하십시오.
  c:\users\23jae\desktop\웹브라우저_최종_프로젝트파일\백업_0309.1110\백업_후반\win32project1_백업\win32project1\win32project1\win32project1\parser.h(369): note: 'char'일 수 있습니다.
  c:\users\23jae\desktop\웹브라우저_최종_프로젝트파일\백업_0309.1110\백업_후반\win32project1_백업\win32project1\win32project1\win32project1\parser.h(369): note: 또는      'wchar_t'
c:\users\23jae\desktop\웹브라우저_최종_프로젝트파일\백업_0309.1110\백업_후반\win32project1_백업\win32project1\win32project1\win32project1\parser.h(369): error C2784: 'std::basic_string<_Elem,_Traits1,_Alloc1> std::regex_replace(const std::basic_string<_Elem,_Traits1,_Alloc1> &,const std::basic_regex<_Elem,_RxTraits> &,const _Elem *,std::regex_constants::match_flag_type)': 'const _Elem *'의 템플릿 인수를 'const char [1]'에서 추론할 수 없습니다.
  C:\Program Files (x86)\Microsoft Visual Studio 14.0\VC\include\regex(3072): note: 'std::regex_replace' 선언을 참조하십시오.
c:\users\23jae\desktop\웹브라우저_최종_프로젝트파일\백업_0309.1110\백업_후반\win32project1_백업\win32project1\win32project1\win32project1\parser.h(369): error C2784: 'std::basic_string<_Elem,_Traits1,_Alloc1> std::regex_replace(const std::basic_string<_Elem,_Traits1,_Alloc1> &,const std::basic_regex<_Elem,_RxTraits> &,const std::basic_string<_Elem,_Traits2,_Alloc2> &,std::regex_constants::match_flag_type)': 'const std::basic_string<_Elem,_Traits2,_Alloc2> &'의 템플릿 인수를 'const char [1]'에서 추론할 수 없습니다.
  C:\Program Files (x86)\Microsoft Visual Studio 14.0\VC\include\regex(3055): note: 'std::regex_replace' 선언을 참조하십시오.
c:\users\23jae\desktop\웹브라우저_최종_프로젝트파일\백업_0309.1110\백업_후반\win32project1_백업\win32project1\win32project1\win32project1\parser.h(369): error C2780: '_OutIt std::regex_replace(_OutIt,_BidIt,_BidIt,const std::basic_regex<_Elem,_RxTraits> &,const _Elem *,std::regex_constants::match_flag_type)': 인수가 6개 있어야 하는데 3개를 사용했습니다.
  C:\Program Files (x86)\Microsoft Visual Studio 14.0\VC\include\regex(3037): note: 'std::regex_replace' 선언을 참조하십시오.
c:\users\23jae\desktop\웹브라우저_최종_프로젝트파일\백업_0309.1110\백업_후반\win32project1_백업\win32project1\win32project1\win32project1\parser.h(369): error C2780: '_OutTy *std::regex_replace(_OutTy (&)[_OutSize],_BidIt,_BidIt,const std::basic_regex<_Elem,_RxTraits> &,const std::basic_string<_Elem,_Traits,_Alloc> &,std::regex_constants::match_flag_type)': 인수가 6개 있어야 하는데 3개를 사용했습니다.
  C:\Program Files (x86)\Microsoft Visual Studio 14.0\VC\include\regex(3020): note: 'std::regex_replace' 선언을 참조하십시오.
c:\users\23jae\desktop\웹브라우저_최종_프로젝트파일\백업_0309.1110\백업_후반\win32project1_백업\win32project1\win32project1\win32project1\parser.h(369): error C2780: '_OutIt std::regex_replace(_OutIt,_BidIt,_BidIt,const std::basic_regex<_Elem,_RxTraits> &,const std::basic_string<_Elem,_Traits,_Alloc> &,std::regex_constants::match_flag_type)': 인수가 6개 있어야 하는데 3개를 사용했습니다.
  C:\Program Files (x86)\Microsoft Visual Studio 14.0\VC\include\regex(3001): note: 'std::regex_replace' 선언을 참조하십시오.
c:\users\23jae\desktop\웹브라우저_최종_프로젝트파일\백업_0309.1110\백업_후반\win32project1_백업\win32project1\win32project1\win32project1\parser.h(370): error C2672: 'regex_replace': 일치하는 오버로드된 함수가 없습니다.
c:\users\23jae\desktop\웹브라우저_최종_프로젝트파일\백업_0309.1110\백업_후반\win32project1_백업\win32project1\win32project1\win32project1\parser.h(370): error C2784: 'std::basic_string<_Elem,std::char_traits<_Elem>,std::allocator<_Other>> std::regex_replace(const _Elem *,const std::basic_regex<_Elem,_RxTraits> &,const _Elem *,std::regex_constants::match_flag_type)': 'const _Elem *'의 템플릿 인수를 'std::wstring'에서 추론할 수 없습니다.
  C:\Program Files (x86)\Microsoft Visual Studio 14.0\VC\include\regex(3106): note: 'std::regex_replace' 선언을 참조하십시오.
c:\users\23jae\desktop\웹브라우저_최종_프로젝트파일\백업_0309.1110\백업_후반\win32project1_백업\win32project1\win32project1\win32project1\parser.h(370): error C2784: 'std::basic_string<_Elem,std::char_traits<_Elem>,std::allocator<_Other>> std::regex_replace(const _Elem *,const std::basic_regex<_Elem,_RxTraits> &,const std::basic_string<_Elem,_Traits1,_Alloc1> &,std::regex_constants::match_flag_type)': 'const _Elem *'의 템플릿 인수를 'std::wstring'에서 추론할 수 없습니다.
  C:\Program Files (x86)\Microsoft Visual Studio 14.0\VC\include\regex(3090): note: 'std::regex_replace' 선언을 참조하십시오.
c:\users\23jae\desktop\웹브라우저_최종_프로젝트파일\백업_0309.1110\백업_후반\win32project1_백업\win32project1\win32project1\win32project1\parser.h(370): error C2782: 'std::basic_string<_Elem,_Traits1,_Alloc1> std::regex_replace(const std::basic_string<_Elem,_Traits1,_Alloc1> &,const std::basic_regex<_Elem,_RxTraits> &,const _Elem *,std::regex_constants::match_flag_type)': 템플릿 매개 변수 '_Elem'이(가) 모호합니다.
  C:\Program Files (x86)\Microsoft Visual Studio 14.0\VC\include\regex(3072): note: 'std::regex_replace' 선언을 참조하십시오.
  c:\users\23jae\desktop\웹브라우저_최종_프로젝트파일\백업_0309.1110\백업_후반\win32project1_백업\win32project1\win32project1\win32project1\parser.h(370): note: 'char'일 수 있습니다.
  c:\users\23jae\desktop\웹브라우저_최종_프로젝트파일\백업_0309.1110\백업_후반\win32project1_백업\win32project1\win32project1\win32project1\parser.h(370): note: 또는      'wchar_t'
c:\users\23jae\desktop\웹브라우저_최종_프로젝트파일\백업_0309.1110\백업_후반\win32project1_백업\win32project1\win32project1\win32project1\parser.h(370): error C2784: 'std::basic_string<_Elem,_Traits1,_Alloc1> std::regex_replace(const std::basic_string<_Elem,_Traits1,_Alloc1> &,const std::basic_regex<_Elem,_RxTraits> &,const _Elem *,std::regex_constants::match_flag_type)': 'const _Elem *'의 템플릿 인수를 'const char [2]'에서 추론할 수 없습니다.
  C:\Program Files (x86)\Microsoft Visual Studio 14.0\VC\include\regex(3072): note: 'std::regex_replace' 선언을 참조하십시오.
c:\users\23jae\desktop\웹브라우저_최종_프로젝트파일\백업_0309.1110\백업_후반\win32project1_백업\win32project1\win32project1\win32project1\parser.h(370): error C2784: 'std::basic_string<_Elem,_Traits1,_Alloc1> std::regex_replace(const std::basic_string<_Elem,_Traits1,_Alloc1> &,const std::basic_regex<_Elem,_RxTraits> &,const std::basic_string<_Elem,_Traits2,_Alloc2> &,std::regex_constants::match_flag_type)': 'const std::basic_string<_Elem,_Traits2,_Alloc2> &'의 템플릿 인수를 'const char [2]'에서 추론할 수 없습니다.
  C:\Program Files (x86)\Microsoft Visual Studio 14.0\VC\include\regex(3055): note: 'std::regex_replace' 선언을 참조하십시오.
c:\users\23jae\desktop\웹브라우저_최종_프로젝트파일\백업_0309.1110\백업_후반\win32project1_백업\win32project1\win32project1\win32project1\parser.h(370): error C2780: '_OutIt std::regex_replace(_OutIt,_BidIt,_BidIt,const std::basic_regex<_Elem,_RxTraits> &,const _Elem *,std::regex_constants::match_flag_type)': 인수가 6개 있어야 하는데 3개를 사용했습니다.
  C:\Program Files (x86)\Microsoft Visual Studio 14.0\VC\include\regex(3037): note: 'std::regex_replace' 선언을 참조하십시오.
c:\users\23jae\desktop\웹브라우저_최종_프로젝트파일\백업_0309.1110\백업_후반\win32project1_백업\win32project1\win32project1\win32project1\parser.h(370): error C2780: '_OutTy *std::regex_replace(_OutTy (&)[_OutSize],_BidIt,_BidIt,const std::basic_regex<_Elem,_RxTraits> &,const std::basic_string<_Elem,_Traits,_Alloc> &,std::regex_constants::match_flag_type)': 인수가 6개 있어야 하는데 3개를 사용했습니다.
  C:\Program Files (x86)\Microsoft Visual Studio 14.0\VC\include\regex(3020): note: 'std::regex_replace' 선언을 참조하십시오.
c:\users\23jae\desktop\웹브라우저_최종_프로젝트파일\백업_0309.1110\백업_후반\win32project1_백업\win32project1\win32project1\win32project1\parser.h(370): error C2780: '_OutIt std::regex_replace(_OutIt,_BidIt,_BidIt,const std::basic_regex<_Elem,_RxTraits> &,const std::basic_string<_Elem,_Traits,_Alloc> &,std::regex_constants::match_flag_type)': 인수가 6개 있어야 하는데 3개를 사용했습니다.
  C:\Program Files (x86)\Microsoft Visual Studio 14.0\VC\include\regex(3001): note: 'std::regex_replace' 선언을 참조하십시오.
c:\users\23jae\desktop\웹브라우저_최종_프로젝트파일\백업_0309.1110\백업_후반\win32project1_백업\win32project1\win32project1\win32project1\parser.h(371): error C2672: 'regex_replace': 일치하는 오버로드된 함수가 없습니다.
c:\users\23jae\desktop\웹브라우저_최종_프로젝트파일\백업_0309.1110\백업_후반\win32project1_백업\win32project1\win32project1\win32project1\parser.h(371): error C2784: 'std::basic_string<_Elem,std::char_traits<_Elem>,std::allocator<_Other>> std::regex_replace(const _Elem *,const std::basic_regex<_Elem,_RxTraits> &,const _Elem *,std::regex_constants::match_flag_type)': 'const _Elem *'의 템플릿 인수를 'std::wstring'에서 추론할 수 없습니다.
  C:\Program Files (x86)\Microsoft Visual Studio 14.0\VC\include\regex(3106): note: 'std::regex_replace' 선언을 참조하십시오.
c:\users\23jae\desktop\웹브라우저_최종_프로젝트파일\백업_0309.1110\백업_후반\win32project1_백업\win32project1\win32project1\win32project1\parser.h(371): error C2784: 'std::basic_string<_Elem,std::char_traits<_Elem>,std::allocator<_Other>> std::regex_replace(const _Elem *,const std::basic_regex<_Elem,_RxTraits> &,const std::basic_string<_Elem,_Traits1,_Alloc1> &,std::regex_constants::match_flag_type)': 'const _Elem *'의 템플릿 인수를 'std::wstring'에서 추론할 수 없습니다.
  C:\Program Files (x86)\Microsoft Visual Studio 14.0\VC\include\regex(3090): note: 'std::regex_replace' 선언을 참조하십시오.
c:\users\23jae\desktop\웹브라우저_최종_프로젝트파일\백업_0309.1110\백업_후반\win32project1_백업\win32project1\win32project1\win32project1\parser.h(371): error C2782: 'std::basic_string<_Elem,_Traits1,_Alloc1> std::regex_replace(const std::basic_string<_Elem,_Traits1,_Alloc1> &,const std::basic_regex<_Elem,_RxTraits> &,const _Elem *,std::regex_constants::match_flag_type)': 템플릿 매개 변수 '_Elem'이(가) 모호합니다.
  C:\Program Files (x86)\Microsoft Visual Studio 14.0\VC\include\regex(3072): note: 'std::regex_replace' 선언을 참조하십시오.
  c:\users\23jae\desktop\웹브라우저_최종_프로젝트파일\백업_0309.1110\백업_후반\win32project1_백업\win32project1\win32project1\win32project1\parser.h(371): note: 'char'일 수 있습니다.
  c:\users\23jae\desktop\웹브라우저_최종_프로젝트파일\백업_0309.1110\백업_후반\win32project1_백업\win32project1\win32project1\win32project1\parser.h(371): note: 또는      'wchar_t'
c:\users\23jae\desktop\웹브라우저_최종_프로젝트파일\백업_0309.1110\백업_후반\win32project1_백업\win32project1\win32project1\win32project1\parser.h(371): error C2784: 'std::basic_string<_Elem,_Traits1,_Alloc1> std::regex_replace(const std::basic_string<_Elem,_Traits1,_Alloc1> &,const std::basic_regex<_Elem,_RxTraits> &,const _Elem *,std::regex_constants::match_flag_type)': 'const _Elem *'의 템플릿 인수를 'const char [2]'에서 추론할 수 없습니다.
  C:\Program Files (x86)\Microsoft Visual Studio 14.0\VC\include\regex(3072): note: 'std::regex_replace' 선언을 참조하십시오.
c:\users\23jae\desktop\웹브라우저_최종_프로젝트파일\백업_0309.1110\백업_후반\win32project1_백업\win32project1\win32project1\win32project1\parser.h(371): error C2784: 'std::basic_string<_Elem,_Traits1,_Alloc1> std::regex_replace(const std::basic_string<_Elem,_Traits1,_Alloc1> &,const std::basic_regex<_Elem,_RxTraits> &,const std::basic_string<_Elem,_Traits2,_Alloc2> &,std::regex_constants::match_flag_type)': 'const std::basic_string<_Elem,_Traits2,_Alloc2> &'의 템플릿 인수를 'const char [2]'에서 추론할 수 없습니다.
  C:\Program Files (x86)\Microsoft Visual Studio 14.0\VC\include\regex(3055): note: 'std::regex_replace' 선언을 참조하십시오.
c:\users\23jae\desktop\웹브라우저_최종_프로젝트파일\백업_0309.1110\백업_후반\win32project1_백업\win32project1\win32project1\win32project1\parser.h(371): error C2780: '_OutIt std::regex_replace(_OutIt,_BidIt,_BidIt,const std::basic_regex<_Elem,_RxTraits> &,const _Elem *,std::regex_constants::match_flag_type)': 인수가 6개 있어야 하는데 3개를 사용했습니다.
  C:\Program Files (x86)\Microsoft Visual Studio 14.0\VC\include\regex(3037): note: 'std::regex_replace' 선언을 참조하십시오.
c:\users\23jae\desktop\웹브라우저_최종_프로젝트파일\백업_0309.1110\백업_후반\win32project1_백업\win32project1\win32project1\win32project1\parser.h(371): error C2780: '_OutTy *std::regex_replace(_OutTy (&)[_OutSize],_BidIt,_BidIt,const std::basic_regex<_Elem,_RxTraits> &,const std::basic_string<_Elem,_Traits,_Alloc> &,std::regex_constants::match_flag_type)': 인수가 6개 있어야 하는데 3개를 사용했습니다.
  C:\Program Files (x86)\Microsoft Visual Studio 14.0\VC\include\regex(3020): note: 'std::regex_replace' 선언을 참조하십시오.
c:\users\23jae\desktop\웹브라우저_최종_프로젝트파일\백업_0309.1110\백업_후반\win32project1_백업\win32project1\win32project1\win32project1\parser.h(371): error C2780: '_OutIt std::regex_replace(_OutIt,_BidIt,_BidIt,const std::basic_regex<_Elem,_RxTraits> &,const std::basic_string<_Elem,_Traits,_Alloc> &,std::regex_constants::match_flag_type)': 인수가 6개 있어야 하는데 3개를 사용했습니다.
  C:\Program Files (x86)\Microsoft Visual Studio 14.0\VC\include\regex(3001): note: 'std::regex_replace' 선언을 참조하십시오.
c:\users\23jae\desktop\웹브라우저_최종_프로젝트파일\백업_0309.1110\백업_후반\win32project1_백업\win32project1\win32project1\win32project1\parser.h(374): error C2672: 'regex_replace': 일치하는 오버로드된 함수가 없습니다.
c:\users\23jae\desktop\웹브라우저_최종_프로젝트파일\백업_0309.1110\백업_후반\win32project1_백업\win32project1\win32project1\win32project1\parser.h(374): error C2784: 'std::basic_string<_Elem,std::char_traits<_Elem>,std::allocator<_Other>> std::regex_replace(const _Elem *,const std::basic_regex<_Elem,_RxTraits> &,const _Elem *,std::regex_constants::match_flag_type)': 'const _Elem *'의 템플릿 인수를 'std::wstring'에서 추론할 수 없습니다.
  C:\Program Files (x86)\Microsoft Visual Studio 14.0\VC\include\regex(3106): note: 'std::regex_replace' 선언을 참조하십시오.
c:\users\23jae\desktop\웹브라우저_최종_프로젝트파일\백업_0309.1110\백업_후반\win32project1_백업\win32project1\win32project1\win32project1\parser.h(374): error C2784: 'std::basic_string<_Elem,std::char_traits<_Elem>,std::allocator<_Other>> std::regex_replace(const _Elem *,const std::basic_regex<_Elem,_RxTraits> &,const std::basic_string<_Elem,_Traits1,_Alloc1> &,std::regex_constants::match_flag_type)': 'const _Elem *'의 템플릿 인수를 'std::wstring'에서 추론할 수 없습니다.
  C:\Program Files (x86)\Microsoft Visual Studio 14.0\VC\include\regex(3090): note: 'std::regex_replace' 선언을 참조하십시오.
c:\users\23jae\desktop\웹브라우저_최종_프로젝트파일\백업_0309.1110\백업_후반\win32project1_백업\win32project1\win32project1\win32project1\parser.h(374): error C2782: 'std::basic_string<_Elem,_Traits1,_Alloc1> std::regex_replace(const std::basic_string<_Elem,_Traits1,_Alloc1> &,const std::basic_regex<_Elem,_RxTraits> &,const _Elem *,std::regex_constants::match_flag_type)': 템플릿 매개 변수 '_Elem'이(가) 모호합니다.
  C:\Program Files (x86)\Microsoft Visual Studio 14.0\VC\include\regex(3072): note: 'std::regex_replace' 선언을 참조하십시오.
  c:\users\23jae\desktop\웹브라우저_최종_프로젝트파일\백업_0309.1110\백업_후반\win32project1_백업\win32project1\win32project1\win32project1\parser.h(374): note: 'char'일 수 있습니다.
  c:\users\23jae\desktop\웹브라우저_최종_프로젝트파일\백업_0309.1110\백업_후반\win32project1_백업\win32project1\win32project1\win32project1\parser.h(374): note: 또는      'wchar_t'
c:\users\23jae\desktop\웹브라우저_최종_프로젝트파일\백업_0309.1110\백업_후반\win32project1_백업\win32project1\win32project1\win32project1\parser.h(374): error C2784: 'std::basic_string<_Elem,_Traits1,_Alloc1> std::regex_replace(const std::basic_string<_Elem,_Traits1,_Alloc1> &,const std::basic_regex<_Elem,_RxTraits> &,const _Elem *,std::regex_constants::match_flag_type)': 'const _Elem *'의 템플릿 인수를 'const char [1]'에서 추론할 수 없습니다.
  C:\Program Files (x86)\Microsoft Visual Studio 14.0\VC\include\regex(3072): note: 'std::regex_replace' 선언을 참조하십시오.
c:\users\23jae\desktop\웹브라우저_최종_프로젝트파일\백업_0309.1110\백업_후반\win32project1_백업\win32project1\win32project1\win32project1\parser.h(374): error C2784: 'std::basic_string<_Elem,_Traits1,_Alloc1> std::regex_replace(const std::basic_string<_Elem,_Traits1,_Alloc1> &,const std::basic_regex<_Elem,_RxTraits> &,const std::basic_string<_Elem,_Traits2,_Alloc2> &,std::regex_constants::match_flag_type)': 'const std::basic_string<_Elem,_Traits2,_Alloc2> &'의 템플릿 인수를 'const char [1]'에서 추론할 수 없습니다.
  C:\Program Files (x86)\Microsoft Visual Studio 14.0\VC\include\regex(3055): note: 'std::regex_replace' 선언을 참조하십시오.
c:\users\23jae\desktop\웹브라우저_최종_프로젝트파일\백업_0309.1110\백업_후반\win32project1_백업\win32project1\win32project1\win32project1\parser.h(374): error C2780: '_OutIt std::regex_replace(_OutIt,_BidIt,_BidIt,const std::basic_regex<_Elem,_RxTraits> &,const _Elem *,std::regex_constants::match_flag_type)': 인수가 6개 있어야 하는데 3개를 사용했습니다.
  C:\Program Files (x86)\Microsoft Visual Studio 14.0\VC\include\regex(3037): note: 'std::regex_replace' 선언을 참조하십시오.
c:\users\23jae\desktop\웹브라우저_최종_프로젝트파일\백업_0309.1110\백업_후반\win32project1_백업\win32project1\win32project1\win32project1\parser.h(374): error C2780: '_OutTy *std::regex_replace(_OutTy (&)[_OutSize],_BidIt,_BidIt,const std::basic_regex<_Elem,_RxTraits> &,const std::basic_string<_Elem,_Traits,_Alloc> &,std::regex_constants::match_flag_type)': 인수가 6개 있어야 하는데 3개를 사용했습니다.
  C:\Program Files (x86)\Microsoft Visual Studio 14.0\VC\include\regex(3020): note: 'std::regex_replace' 선언을 참조하십시오.
c:\users\23jae\desktop\웹브라우저_최종_프로젝트파일\백업_0309.1110\백업_후반\win32project1_백업\win32project1\win32project1\win32project1\parser.h(374): error C2780: '_OutIt std::regex_replace(_OutIt,_BidIt,_BidIt,const std::basic_regex<_Elem,_RxTraits> &,const std::basic_string<_Elem,_Traits,_Alloc> &,std::regex_constants::match_flag_type)': 인수가 6개 있어야 하는데 3개를 사용했습니다.
  C:\Program Files (x86)\Microsoft Visual Studio 14.0\VC\include\regex(3001): note: 'std::regex_replace' 선언을 참조하십시오.
c:\users\23jae\desktop\웹브라우저_최종_프로젝트파일\백업_0309.1110\백업_후반\win32project1_백업\win32project1\win32project1\win32project1\parser.h(376): error C2672: 'regex_replace': 일치하는 오버로드된 함수가 없습니다.
c:\users\23jae\desktop\웹브라우저_최종_프로젝트파일\백업_0309.1110\백업_후반\win32project1_백업\win32project1\win32project1\win32project1\parser.h(376): error C2784: 'std::basic_string<_Elem,std::char_traits<_Elem>,std::allocator<_Other>> std::regex_replace(const _Elem *,const std::basic_regex<_Elem,_RxTraits> &,const _Elem *,std::regex_constants::match_flag_type)': 'const _Elem *'의 템플릿 인수를 'std::wstring'에서 추론할 수 없습니다.
  C:\Program Files (x86)\Microsoft Visual Studio 14.0\VC\include\regex(3106): note: 'std::regex_replace' 선언을 참조하십시오.
c:\users\23jae\desktop\웹브라우저_최종_프로젝트파일\백업_0309.1110\백업_후반\win32project1_백업\win32project1\win32project1\win32project1\parser.h(376): error C2784: 'std::basic_string<_Elem,std::char_traits<_Elem>,std::allocator<_Other>> std::regex_replace(const _Elem *,const std::basic_regex<_Elem,_RxTraits> &,const std::basic_string<_Elem,_Traits1,_Alloc1> &,std::regex_constants::match_flag_type)': 'const _Elem *'의 템플릿 인수를 'std::wstring'에서 추론할 수 없습니다.
  C:\Program Files (x86)\Microsoft Visual Studio 14.0\VC\include\regex(3090): note: 'std::regex_replace' 선언을 참조하십시오.
c:\users\23jae\desktop\웹브라우저_최종_프로젝트파일\백업_0309.1110\백업_후반\win32project1_백업\win32project1\win32project1\win32project1\parser.h(376): error C2782: 'std::basic_string<_Elem,_Traits1,_Alloc1> std::regex_replace(const std::basic_string<_Elem,_Traits1,_Alloc1> &,const std::basic_regex<_Elem,_RxTraits> &,const _Elem *,std::regex_constants::match_flag_type)': 템플릿 매개 변수 '_Elem'이(가) 모호합니다.
  C:\Program Files (x86)\Microsoft Visual Studio 14.0\VC\include\regex(3072): note: 'std::regex_replace' 선언을 참조하십시오.
  c:\users\23jae\desktop\웹브라우저_최종_프로젝트파일\백업_0309.1110\백업_후반\win32project1_백업\win32project1\win32project1\win32project1\parser.h(376): note: 'char'일 수 있습니다.
  c:\users\23jae\desktop\웹브라우저_최종_프로젝트파일\백업_0309.1110\백업_후반\win32project1_백업\win32project1\win32project1\win32project1\parser.h(376): note: 또는      'wchar_t'
c:\users\23jae\desktop\웹브라우저_최종_프로젝트파일\백업_0309.1110\백업_후반\win32project1_백업\win32project1\win32project1\win32project1\parser.h(376): error C2784: 'std::basic_string<_Elem,_Traits1,_Alloc1> std::regex_replace(const std::basic_string<_Elem,_Traits1,_Alloc1> &,const std::basic_regex<_Elem,_RxTraits> &,const _Elem *,std::regex_constants::match_flag_type)': 'const _Elem *'의 템플릿 인수를 'const char [2]'에서 추론할 수 없습니다.
  C:\Program Files (x86)\Microsoft Visual Studio 14.0\VC\include\regex(3072): note: 'std::regex_replace' 선언을 참조하십시오.
c:\users\23jae\desktop\웹브라우저_최종_프로젝트파일\백업_0309.1110\백업_후반\win32project1_백업\win32project1\win32project1\win32project1\parser.h(376): error C2784: 'std::basic_string<_Elem,_Traits1,_Alloc1> std::regex_replace(const std::basic_string<_Elem,_Traits1,_Alloc1> &,const std::basic_regex<_Elem,_RxTraits> &,const std::basic_string<_Elem,_Traits2,_Alloc2> &,std::regex_constants::match_flag_type)': 'const std::basic_string<_Elem,_Traits2,_Alloc2> &'의 템플릿 인수를 'const char [2]'에서 추론할 수 없습니다.
  C:\Program Files (x86)\Microsoft Visual Studio 14.0\VC\include\regex(3055): note: 'std::regex_replace' 선언을 참조하십시오.
c:\users\23jae\desktop\웹브라우저_최종_프로젝트파일\백업_0309.1110\백업_후반\win32project1_백업\win32project1\win32project1\win32project1\parser.h(376): error C2780: '_OutIt std::regex_replace(_OutIt,_BidIt,_BidIt,const std::basic_regex<_Elem,_RxTraits> &,const _Elem *,std::regex_constants::match_flag_type)': 인수가 6개 있어야 하는데 3개를 사용했습니다.
  C:\Program Files (x86)\Microsoft Visual Studio 14.0\VC\include\regex(3037): note: 'std::regex_replace' 선언을 참조하십시오.
c:\users\23jae\desktop\웹브라우저_최종_프로젝트파일\백업_0309.1110\백업_후반\win32project1_백업\win32project1\win32project1\win32project1\parser.h(376): error C2780: '_OutTy *std::regex_replace(_OutTy (&)[_OutSize],_BidIt,_BidIt,const std::basic_regex<_Elem,_RxTraits> &,const std::basic_string<_Elem,_Traits,_Alloc> &,std::regex_constants::match_flag_type)': 인수가 6개 있어야 하는데 3개를 사용했습니다.
  C:\Program Files (x86)\Microsoft Visual Studio 14.0\VC\include\regex(3020): note: 'std::regex_replace' 선언을 참조하십시오.
c:\users\23jae\desktop\웹브라우저_최종_프로젝트파일\백업_0309.1110\백업_후반\win32project1_백업\win32project1\win32project1\win32project1\parser.h(376): error C2780: '_OutIt std::regex_replace(_OutIt,_BidIt,_BidIt,const std::basic_regex<_Elem,_RxTraits> &,const std::basic_string<_Elem,_Traits,_Alloc> &,std::regex_constants::match_flag_type)': 인수가 6개 있어야 하는데 3개를 사용했습니다.
  C:\Program Files (x86)\Microsoft Visual Studio 14.0\VC\include\regex(3001): note: 'std::regex_replace' 선언을 참조하십시오.
c:\users\23jae\desktop\웹브라우저_최종_프로젝트파일\백업_0309.1110\백업_후반\win32project1_백업\win32project1\win32project1\win32project1\parser.h(377): error C2672: 'regex_replace': 일치하는 오버로드된 함수가 없습니다.
c:\users\23jae\desktop\웹브라우저_최종_프로젝트파일\백업_0309.1110\백업_후반\win32project1_백업\win32project1\win32project1\win32project1\parser.h(377): error C2784: 'std::basic_string<_Elem,std::char_traits<_Elem>,std::allocator<_Other>> std::regex_replace(const _Elem *,const std::basic_regex<_Elem,_RxTraits> &,const _Elem *,std::regex_constants::match_flag_type)': 'const _Elem *'의 템플릿 인수를 'std::wstring'에서 추론할 수 없습니다.
  C:\Program Files (x86)\Microsoft Visual Studio 14.0\VC\include\regex(3106): note: 'std::regex_replace' 선언을 참조하십시오.
c:\users\23jae\desktop\웹브라우저_최종_프로젝트파일\백업_0309.1110\백업_후반\win32project1_백업\win32project1\win32project1\win32project1\parser.h(377): error C2784: 'std::basic_string<_Elem,std::char_traits<_Elem>,std::allocator<_Other>> std::regex_replace(const _Elem *,const std::basic_regex<_Elem,_RxTraits> &,const std::basic_string<_Elem,_Traits1,_Alloc1> &,std::regex_constants::match_flag_type)': 'const _Elem *'의 템플릿 인수를 'std::wstring'에서 추론할 수 없습니다.
  C:\Program Files (x86)\Microsoft Visual Studio 14.0\VC\include\regex(3090): note: 'std::regex_replace' 선언을 참조하십시오.
c:\users\23jae\desktop\웹브라우저_최종_프로젝트파일\백업_0309.1110\백업_후반\win32project1_백업\win32project1\win32project1\win32project1\parser.h(377): error C2782: 'std::basic_string<_Elem,_Traits1,_Alloc1> std::regex_replace(const std::basic_string<_Elem,_Traits1,_Alloc1> &,const std::basic_regex<_Elem,_RxTraits> &,const _Elem *,std::regex_constants::match_flag_type)': 템플릿 매개 변수 '_Elem'이(가) 모호합니다.
  C:\Program Files (x86)\Microsoft Visual Studio 14.0\VC\include\regex(3072): note: 'std::regex_replace' 선언을 참조하십시오.
  c:\users\23jae\desktop\웹브라우저_최종_프로젝트파일\백업_0309.1110\백업_후반\win32project1_백업\win32project1\win32project1\win32project1\parser.h(377): note: 'char'일 수 있습니다.
  c:\users\23jae\desktop\웹브라우저_최종_프로젝트파일\백업_0309.1110\백업_후반\win32project1_백업\win32project1\win32project1\win32project1\parser.h(377): note: 또는      'wchar_t'
c:\users\23jae\desktop\웹브라우저_최종_프로젝트파일\백업_0309.1110\백업_후반\win32project1_백업\win32project1\win32project1\win32project1\parser.h(377): error C2784: 'std::basic_string<_Elem,_Traits1,_Alloc1> std::regex_replace(const std::basic_string<_Elem,_Traits1,_Alloc1> &,const std::basic_regex<_Elem,_RxTraits> &,const _Elem *,std::regex_constants::match_flag_type)': 'const _Elem *'의 템플릿 인수를 'const char [1]'에서 추론할 수 없습니다.
  C:\Program Files (x86)\Microsoft Visual Studio 14.0\VC\include\regex(3072): note: 'std::regex_replace' 선언을 참조하십시오.
c:\users\23jae\desktop\웹브라우저_최종_프로젝트파일\백업_0309.1110\백업_후반\win32project1_백업\win32project1\win32project1\win32project1\parser.h(377): error C2784: 'std::basic_string<_Elem,_Traits1,_Alloc1> std::regex_replace(const std::basic_string<_Elem,_Traits1,_Alloc1> &,const std::basic_regex<_Elem,_RxTraits> &,const std::basic_string<_Elem,_Traits2,_Alloc2> &,std::regex_constants::match_flag_type)': 'const std::basic_string<_Elem,_Traits2,_Alloc2> &'의 템플릿 인수를 'const char [1]'에서 추론할 수 없습니다.
  C:\Program Files (x86)\Microsoft Visual Studio 14.0\VC\include\regex(3055): note: 'std::regex_replace' 선언을 참조하십시오.
c:\users\23jae\desktop\웹브라우저_최종_프로젝트파일\백업_0309.1110\백업_후반\win32project1_백업\win32project1\win32project1\win32project1\parser.h(377): error C2780: '_OutIt std::regex_replace(_OutIt,_BidIt,_BidIt,const std::basic_regex<_Elem,_RxTraits> &,const _Elem *,std::regex_constants::match_flag_type)': 인수가 6개 있어야 하는데 3개를 사용했습니다.
  C:\Program Files (x86)\Microsoft Visual Studio 14.0\VC\include\regex(3037): note: 'std::regex_replace' 선언을 참조하십시오.
c:\users\23jae\desktop\웹브라우저_최종_프로젝트파일\백업_0309.1110\백업_후반\win32project1_백업\win32project1\win32project1\win32project1\parser.h(377): error C2780: '_OutTy *std::regex_replace(_OutTy (&)[_OutSize],_BidIt,_BidIt,const std::basic_regex<_Elem,_RxTraits> &,const std::basic_string<_Elem,_Traits,_Alloc> &,std::regex_constants::match_flag_type)': 인수가 6개 있어야 하는데 3개를 사용했습니다.
  C:\Program Files (x86)\Microsoft Visual Studio 14.0\VC\include\regex(3020): note: 'std::regex_replace' 선언을 참조하십시오.
c:\users\23jae\desktop\웹브라우저_최종_프로젝트파일\백업_0309.1110\백업_후반\win32project1_백업\win32project1\win32project1\win32project1\parser.h(377): error C2780: '_OutIt std::regex_replace(_OutIt,_BidIt,_BidIt,const std::basic_regex<_Elem,_RxTraits> &,const std::basic_string<_Elem,_Traits,_Alloc> &,std::regex_constants::match_flag_type)': 인수가 6개 있어야 하는데 3개를 사용했습니다.
  C:\Program Files (x86)\Microsoft Visual Studio 14.0\VC\include\regex(3001): note: 'std::regex_replace' 선언을 참조하십시오.
c:\users\23jae\desktop\웹브라우저_최종_프로젝트파일\백업_0309.1110\백업_후반\win32project1_백업\win32project1\win32project1\win32project1\parser.h(378): error C2672: 'regex_replace': 일치하는 오버로드된 함수가 없습니다.
c:\users\23jae\desktop\웹브라우저_최종_프로젝트파일\백업_0309.1110\백업_후반\win32project1_백업\win32project1\win32project1\win32project1\parser.h(378): fatal error C1003: 오류 수가 100개를 초과했습니다. 컴파일을 중지합니다.
