  test.cpp
c:\users\23jae\desktop\백업_0223.0915\백업_후반\win32project1_백업\win32project1\win32project1\win32project1\header.h(37): warning C4005: '_UNICODE': 매크로 재정의
  c:\users\23jae\desktop\백업_0223.0915\백업_후반\win32project1_백업\win32project1\win32project1\win32project1\header.h(37): note: 명령줄 인수: '_UNICODE'의 이전 정의를 참조하십시오.
c:\users\23jae\desktop\백업_0223.0915\백업_후반\win32project1_백업\win32project1\win32project1\win32project1\parser.h(11): warning C4129: '(': 문자 이스케이프 시퀀스를 인식할 수 없습니다.
c:\users\23jae\desktop\백업_0223.0915\백업_후반\win32project1_백업\win32project1\win32project1\win32project1\parser.h(31): warning C4129: '(': 문자 이스케이프 시퀀스를 인식할 수 없습니다.
c:\users\23jae\desktop\백업_0223.0915\백업_후반\win32project1_백업\win32project1\win32project1\win32project1\parser.h(57): warning C4129: '(': 문자 이스케이프 시퀀스를 인식할 수 없습니다.
c:\users\23jae\desktop\백업_0223.0915\백업_후반\win32project1_백업\win32project1\win32project1\win32project1\parser.h(59): warning C4129: '(': 문자 이스케이프 시퀀스를 인식할 수 없습니다.
c:\users\23jae\desktop\백업_0223.0915\백업_후반\win32project1_백업\win32project1\win32project1\win32project1\parser.h(61): warning C4129: '(': 문자 이스케이프 시퀀스를 인식할 수 없습니다.
c:\users\23jae\desktop\백업_0223.0915\백업_후반\win32project1_백업\win32project1\win32project1\win32project1\parser.h(93): warning C4018: '<': signed 또는 unsigned가 일치하지 않습니다.
c:\users\23jae\desktop\백업_0223.0915\백업_후반\win32project1_백업\win32project1\win32project1\win32project1\parser.h(99): warning C4018: '<': signed 또는 unsigned가 일치하지 않습니다.
c:\users\23jae\desktop\백업_0223.0915\백업_후반\win32project1_백업\win32project1\win32project1\win32project1\parser.h(102): warning C4244: '=': 'wchar_t'에서 'char'(으)로 변환하면서 데이터가 손실될 수 있습니다.
c:\users\23jae\desktop\백업_0223.0915\백업_후반\win32project1_백업\win32project1\win32project1\win32project1\parser.h(205): warning C4129: '(': 문자 이스케이프 시퀀스를 인식할 수 없습니다.
c:\users\23jae\desktop\백업_0223.0915\백업_후반\win32project1_백업\win32project1\win32project1\win32project1\parser.h(208): warning C4129: '(': 문자 이스케이프 시퀀스를 인식할 수 없습니다.
test.cpp(105): warning C4101: 'hfDefault' :참조되지 않은 지역 변수입니다.
  코드를 생성하고 있습니다.
c:\users\23jae\desktop\백업_0223.0915\백업_후반\win32project1_백업\win32project1\win32project1\win32project1\test.cpp(542): warning C4715: 'WndProc': 모든 제어 경로에서 값을 반환하지는 않습니다.
  15 of 1671 functions ( 0.9%) were compiled, the rest were copied from previous compilation.
    0 functions were new in current compilation
    8 functions had inline decision re-evaluated but remain unchanged
  코드를 생성했습니다.
  Win32Project1.vcxproj -> C:\Users\23JAE\Desktop\백업_0223.0915\백업_후반\Win32Project1_백업\Win32Project1\Win32Project1\Win32Project1\Release\Win32Project1.exe
