  test.cpp
c:\users\23jae\desktop\새 폴더 (4)\win32project1_백업\win32project1\win32project1\win32project1\header.h(259): warning C4477: 'printf' : 서식 문자열 '%d'에 'int' 형식의 인수가 필요하지만 variadic 인수 1의 형식이 'size_t'입니다.
  c:\users\23jae\desktop\새 폴더 (4)\win32project1_백업\win32project1\win32project1\win32project1\header.h(259): note: 서식 문자열에서 '%zd'을(를) 사용하는 것이 좋습니다.
c:\users\23jae\desktop\새 폴더 (4)\win32project1_백업\win32project1\win32project1\win32project1\parser.h(15): warning C4129: '(': 문자 이스케이프 시퀀스를 인식할 수 없습니다.
c:\users\23jae\desktop\새 폴더 (4)\win32project1_백업\win32project1\win32project1\win32project1\parser.h(27): warning C4267: '=': 'size_t'에서 'int'(으)로 변환하면서 데이터가 손실될 수 있습니다.
c:\users\23jae\desktop\새 폴더 (4)\win32project1_백업\win32project1\win32project1\win32project1\parser.h(39): warning C4129: '(': 문자 이스케이프 시퀀스를 인식할 수 없습니다.
c:\users\23jae\desktop\새 폴더 (4)\win32project1_백업\win32project1\win32project1\win32project1\parser.h(51): warning C4267: '=': 'size_t'에서 'int'(으)로 변환하면서 데이터가 손실될 수 있습니다.
c:\users\23jae\desktop\새 폴더 (4)\win32project1_백업\win32project1\win32project1\win32project1\parser.h(68): warning C4129: '(': 문자 이스케이프 시퀀스를 인식할 수 없습니다.
c:\users\23jae\desktop\새 폴더 (4)\win32project1_백업\win32project1\win32project1\win32project1\parser.h(70): warning C4129: '(': 문자 이스케이프 시퀀스를 인식할 수 없습니다.
c:\users\23jae\desktop\새 폴더 (4)\win32project1_백업\win32project1\win32project1\win32project1\parser.h(72): warning C4129: '(': 문자 이스케이프 시퀀스를 인식할 수 없습니다.
c:\users\23jae\desktop\새 폴더 (4)\win32project1_백업\win32project1\win32project1\win32project1\parser.h(146): warning C4129: '(': 문자 이스케이프 시퀀스를 인식할 수 없습니다.
c:\users\23jae\desktop\새 폴더 (4)\win32project1_백업\win32project1\win32project1\win32project1\visit_page.h(14): warning C4267: '=': 'size_t'에서 'int'(으)로 변환하면서 데이터가 손실될 수 있습니다.
c:\users\23jae\desktop\새 폴더 (4)\win32project1_백업\win32project1\win32project1\win32project1\visit_page.h(27): warning C4267: '=': 'size_t'에서 'int'(으)로 변환하면서 데이터가 손실될 수 있습니다.
c:\users\23jae\desktop\새 폴더 (4)\win32project1_백업\win32project1\win32project1\win32project1\visit_page.h(41): warning C4267: '=': 'size_t'에서 'int'(으)로 변환하면서 데이터가 손실될 수 있습니다.
c:\users\23jae\desktop\새 폴더 (4)\win32project1_백업\win32project1\win32project1\win32project1\visit_page.h(76): warning C4267: '=': 'size_t'에서 'int'(으)로 변환하면서 데이터가 손실될 수 있습니다.
c:\users\23jae\desktop\새 폴더 (4)\win32project1_백업\win32project1\win32project1\win32project1\visit_page.h(127): warning C4267: '초기화 중': 'size_t'에서 'int'(으)로 변환하면서 데이터가 손실될 수 있습니다.
test.cpp(43): warning C4244: 'return': 'WPARAM'에서 'int'(으)로 변환하면서 데이터가 손실될 수 있습니다.
test.cpp(83): warning C4311: '형식 캐스팅': 'HMENU'에서 'UINT'(으)로 포인터가 잘립니다.
test.cpp(83): warning C4302: '형식 캐스팅': 'HMENU'에서 'UINT'(으)로 잘립니다.
test.cpp(149): warning C4311: '형식 캐스팅': 'HGDIOBJ'에서 'LONG'(으)로 포인터가 잘립니다.
test.cpp(149): warning C4302: '형식 캐스팅': 'HGDIOBJ'에서 'LONG'(으)로 잘립니다.
test.cpp(245): warning C4267: '인수': 'size_t'에서 'int'(으)로 변환하면서 데이터가 손실될 수 있습니다.
test.cpp(495): warning C4267: '인수': 'size_t'에서 'int'(으)로 변환하면서 데이터가 손실될 수 있습니다.
test.cpp(508): warning C4267: '인수': 'size_t'에서 'int'(으)로 변환하면서 데이터가 손실될 수 있습니다.
test.obj : error LNK2001: __imp_InitCommonControls 외부 기호를 확인할 수 없습니다.
test.obj : error LNK2001: __imp_CreateStatusWindowA 외부 기호를 확인할 수 없습니다.
C:\Users\23JAE\Desktop\새 폴더 (4)\Win32Project1_백업\Win32Project1\Win32Project1\Win32Project1\x64\Release\Win32Project1.exe : fatal error LNK1120: 2개의 확인할 수 없는 외부 참조입니다.
